
*** Running vivado
    with args -log system_wrapper.vdi -applog -m64 -product Vivado -messageDb vivado.pb -mode batch -source system_wrapper.tcl -notrace



****** Vivado v2020.1 (64-bit)
  **** SW Build 2902540 on Wed May 27 19:54:49 MDT 2020
  **** IP Build 2902112 on Wed May 27 22:43:36 MDT 2020
    ** Copyright 1986-2020 Xilinx, Inc. All Rights Reserved.

source system_wrapper.tcl -notrace
INFO: [IP_Flow 19-234] Refreshing IP repositories
INFO: [IP_Flow 19-1700] Loaded user IP repository 'c:/Users/rinu2/Documents/kichi@git/RedPitaya-FPGA/prj/Examples/Frequency_counter/tmp/cores'.
INFO: [IP_Flow 19-2313] Loaded Vivado IP repository 'C:/Xilinx/Vivado/2020.1/data/ip'.
WARNING: [IP_Flow 19-4995] The host OS only allows 260 characters in a normal path. The IP cache path is more than 80 characters. If you experience issues with IP caching, please consider changing the IP cache to a location with a shorter path. Alternately consider using the OS subst command to map part of the path to a drive letter. 
Current IP cache path is C:/Users/rinu2/Documents/kichi@git/verilog-learning/prj/transmitter/transmitter.cache/ip 
Command: link_design -top system_wrapper -part xc7z010clg400-1
Design is defaulting to srcset: sources_1
Design is defaulting to constrset: constrs_1
INFO: [Device 21-403] Loading part xc7z010clg400-1
INFO: [Project 1-454] Reading design checkpoint 'c:/Users/rinu2/Documents/kichi@git/verilog-learning/prj/transmitter/transmitter.srcs/sources_1/bd/system/ip/system_DIO_combine_0_0/system_DIO_combine_0_0.dcp' for cell 'system_i/DIO_combine_0'
INFO: [Project 1-454] Reading design checkpoint 'c:/Users/rinu2/Documents/kichi@git/verilog-learning/prj/transmitter/transmitter.srcs/sources_1/bd/system/ip/system_GPIO_MSB_OUT_0_0/system_GPIO_MSB_OUT_0_0.dcp' for cell 'system_i/GPIO_MSB_OUT_0'
INFO: [Project 1-454] Reading design checkpoint 'c:/Users/rinu2/Documents/kichi@git/verilog-learning/prj/transmitter/transmitter.srcs/sources_1/bd/system/ip/system_axi_gpio_0_0/system_axi_gpio_0_0.dcp' for cell 'system_i/axi_gpio_0'
INFO: [Project 1-454] Reading design checkpoint 'c:/Users/rinu2/Documents/kichi@git/verilog-learning/prj/transmitter/transmitter.srcs/sources_1/bd/system/ip/system_axi_gpio_0_2/system_axi_gpio_0_2.dcp' for cell 'system_i/axi_gpio_1'
INFO: [Project 1-454] Reading design checkpoint 'c:/Users/rinu2/Documents/kichi@git/verilog-learning/prj/transmitter/transmitter.srcs/sources_1/bd/system/ip/system_c_counter_binary_0_0/system_c_counter_binary_0_0.dcp' for cell 'system_i/c_counter_binary_0'
INFO: [Project 1-454] Reading design checkpoint 'c:/Users/rinu2/Documents/kichi@git/verilog-learning/prj/transmitter/transmitter.srcs/sources_1/bd/system/ip/system_signal_split_0_1/system_signal_split_0_1.dcp' for cell 'system_i/signal_split_0'
INFO: [Project 1-454] Reading design checkpoint 'c:/Users/rinu2/Documents/kichi@git/verilog-learning/prj/transmitter/transmitter.srcs/sources_1/bd/system/ip/system_util_ds_buf_1_0/system_util_ds_buf_1_0.dcp' for cell 'system_i/util_ds_buf_1'
INFO: [Project 1-454] Reading design checkpoint 'c:/Users/rinu2/Documents/kichi@git/verilog-learning/prj/transmitter/transmitter.srcs/sources_1/bd/system/ip/system_util_ds_buf_2_0/system_util_ds_buf_2_0.dcp' for cell 'system_i/util_ds_buf_2'
INFO: [Project 1-454] Reading design checkpoint 'c:/Users/rinu2/Documents/kichi@git/verilog-learning/prj/transmitter/transmitter.srcs/sources_1/bd/system/ip/system_processing_system7_0_0/system_processing_system7_0_0.dcp' for cell 'system_i/PS7/processing_system7_0'
INFO: [Project 1-454] Reading design checkpoint 'c:/Users/rinu2/Documents/kichi@git/verilog-learning/prj/transmitter/transmitter.srcs/sources_1/bd/system/ip/system_rst_ps7_0_125M_0/system_rst_ps7_0_125M_0.dcp' for cell 'system_i/PS7/rst_ps7_0_125M'
INFO: [Project 1-454] Reading design checkpoint 'c:/Users/rinu2/Documents/kichi@git/verilog-learning/prj/transmitter/transmitter.srcs/sources_1/bd/system/ip/system_xbar_0/system_xbar_0.dcp' for cell 'system_i/PS7/ps7_0_axi_periph/xbar'
INFO: [Project 1-454] Reading design checkpoint 'c:/Users/rinu2/Documents/kichi@git/verilog-learning/prj/transmitter/transmitter.srcs/sources_1/bd/system/ip/system_auto_pc_0/system_auto_pc_0.dcp' for cell 'system_i/PS7/ps7_0_axi_periph/s00_couplers/auto_pc'
INFO: [Project 1-454] Reading design checkpoint 'c:/Users/rinu2/Documents/kichi@git/verilog-learning/prj/transmitter/transmitter.srcs/sources_1/bd/system/ip/system_s00_data_fifo_0/system_s00_data_fifo_0.dcp' for cell 'system_i/PS7/ps7_0_axi_periph/s00_couplers/s00_data_fifo'
INFO: [Project 1-454] Reading design checkpoint 'c:/Users/rinu2/Documents/kichi@git/verilog-learning/prj/transmitter/transmitter.srcs/sources_1/bd/system/ip/system_axis_red_pitaya_adc_0_0/system_axis_red_pitaya_adc_0_0.dcp' for cell 'system_i/adc/axis_red_pitaya_adc_0'
INFO: [Project 1-454] Reading design checkpoint 'c:/Users/rinu2/Documents/kichi@git/verilog-learning/prj/transmitter/transmitter.srcs/sources_1/bd/system/ip/system_signal_split_0_0/system_signal_split_0_0.dcp' for cell 'system_i/adc/signal_split_0'
INFO: [Project 1-454] Reading design checkpoint 'c:/Users/rinu2/Documents/kichi@git/verilog-learning/prj/transmitter/transmitter.srcs/sources_1/bd/system/ip/system_axis_red_pitaya_dac_0_0/system_axis_red_pitaya_dac_0_0.dcp' for cell 'system_i/dac/axis_red_pitaya_dac_0'
INFO: [Project 1-454] Reading design checkpoint 'c:/Users/rinu2/Documents/kichi@git/verilog-learning/prj/transmitter/transmitter.srcs/sources_1/bd/system/ip/system_clk_wiz_0_0/system_clk_wiz_0_0.dcp' for cell 'system_i/dac/clk_wiz_0'
INFO: [Project 1-454] Reading design checkpoint 'c:/Users/rinu2/Documents/kichi@git/verilog-learning/prj/transmitter/transmitter.srcs/sources_1/bd/system/ip/system_signal_combine_0_0/system_signal_combine_0_0.dcp' for cell 'system_i/dac/signal_combine_0'
Netlist sorting complete. Time (s): cpu = 00:00:00 ; elapsed = 00:00:00.075 . Memory (MB): peak = 1025.148 ; gain = 0.000
INFO: [Netlist 29-17] Analyzing 46 Unisim elements for replacement
INFO: [Netlist 29-28] Unisim Transformation completed in 0 CPU seconds
INFO: [Project 1-479] Netlist was created with Vivado 2020.1
INFO: [Project 1-570] Preparing netlist for logic optimization
WARNING: [Opt 31-32] Removing redundant IBUF since it is not being driven by a top-level port. system_i/dac/clk_wiz_0/inst/clkin1_ibufg 
Resolution: The tool has removed redundant IBUF. To resolve this warning, check for redundant IBUF in the input design.
WARNING: [Constraints 18-550] Could not create 'IBUF_LOW_PWR' constraint because net 'system_i/dac/clk_wiz_0/clk_in1' is not directly connected to top level port. Synthesis is ignored for IBUF_LOW_PWR but preserved for implementation.
WARNING: [Constraints 18-550] Could not create 'DIFF_TERM' constraint because net 'system_i/util_ds_buf_1/IBUF_OUT[0]' is not directly connected to top level port. Synthesis is ignored for DIFF_TERM but preserved for implementation.
WARNING: [Constraints 18-550] Could not create 'IBUF_LOW_PWR' constraint because net 'system_i/util_ds_buf_1/IBUF_OUT[0]' is not directly connected to top level port. Synthesis is ignored for IBUF_LOW_PWR but preserved for implementation.
WARNING: [Constraints 18-550] Could not create 'DIFF_TERM' constraint because net 'system_i/util_ds_buf_1/IBUF_OUT[1]' is not directly connected to top level port. Synthesis is ignored for DIFF_TERM but preserved for implementation.
WARNING: [Constraints 18-550] Could not create 'IBUF_LOW_PWR' constraint because net 'system_i/util_ds_buf_1/IBUF_OUT[1]' is not directly connected to top level port. Synthesis is ignored for IBUF_LOW_PWR but preserved for implementation.
WARNING: [Constraints 18-550] Could not create 'SLEW' constraint because net 'system_i/util_ds_buf_2/OBUF_IN[0]' is not directly connected to top level port. Synthesis is ignored for SLEW but preserved for implementation.
WARNING: [Constraints 18-550] Could not create 'SLEW' constraint because net 'system_i/util_ds_buf_2/OBUF_IN[1]' is not directly connected to top level port. Synthesis is ignored for SLEW but preserved for implementation.
Parsing XDC File [c:/Users/rinu2/Documents/kichi@git/verilog-learning/prj/transmitter/transmitter.srcs/sources_1/bd/system/ip/system_processing_system7_0_0/system_processing_system7_0_0.xdc] for cell 'system_i/PS7/processing_system7_0/inst'
Finished Parsing XDC File [c:/Users/rinu2/Documents/kichi@git/verilog-learning/prj/transmitter/transmitter.srcs/sources_1/bd/system/ip/system_processing_system7_0_0/system_processing_system7_0_0.xdc] for cell 'system_i/PS7/processing_system7_0/inst'
Parsing XDC File [c:/Users/rinu2/Documents/kichi@git/verilog-learning/prj/transmitter/transmitter.srcs/sources_1/bd/system/ip/system_util_ds_buf_1_0/system_util_ds_buf_1_0_board.xdc] for cell 'system_i/util_ds_buf_1/U0'
Finished Parsing XDC File [c:/Users/rinu2/Documents/kichi@git/verilog-learning/prj/transmitter/transmitter.srcs/sources_1/bd/system/ip/system_util_ds_buf_1_0/system_util_ds_buf_1_0_board.xdc] for cell 'system_i/util_ds_buf_1/U0'
Parsing XDC File [c:/Users/rinu2/Documents/kichi@git/verilog-learning/prj/transmitter/transmitter.srcs/sources_1/bd/system/ip/system_util_ds_buf_2_0/system_util_ds_buf_2_0_board.xdc] for cell 'system_i/util_ds_buf_2/U0'
Finished Parsing XDC File [c:/Users/rinu2/Documents/kichi@git/verilog-learning/prj/transmitter/transmitter.srcs/sources_1/bd/system/ip/system_util_ds_buf_2_0/system_util_ds_buf_2_0_board.xdc] for cell 'system_i/util_ds_buf_2/U0'
Parsing XDC File [c:/Users/rinu2/Documents/kichi@git/verilog-learning/prj/transmitter/transmitter.srcs/sources_1/bd/system/ip/system_axi_gpio_0_0/system_axi_gpio_0_0_board.xdc] for cell 'system_i/axi_gpio_0/U0'
Finished Parsing XDC File [c:/Users/rinu2/Documents/kichi@git/verilog-learning/prj/transmitter/transmitter.srcs/sources_1/bd/system/ip/system_axi_gpio_0_0/system_axi_gpio_0_0_board.xdc] for cell 'system_i/axi_gpio_0/U0'
Parsing XDC File [c:/Users/rinu2/Documents/kichi@git/verilog-learning/prj/transmitter/transmitter.srcs/sources_1/bd/system/ip/system_axi_gpio_0_0/system_axi_gpio_0_0.xdc] for cell 'system_i/axi_gpio_0/U0'
Finished Parsing XDC File [c:/Users/rinu2/Documents/kichi@git/verilog-learning/prj/transmitter/transmitter.srcs/sources_1/bd/system/ip/system_axi_gpio_0_0/system_axi_gpio_0_0.xdc] for cell 'system_i/axi_gpio_0/U0'
Parsing XDC File [c:/Users/rinu2/Documents/kichi@git/verilog-learning/prj/transmitter/transmitter.srcs/sources_1/bd/system/ip/system_clk_wiz_0_0/system_clk_wiz_0_0_board.xdc] for cell 'system_i/dac/clk_wiz_0/inst'
Finished Parsing XDC File [c:/Users/rinu2/Documents/kichi@git/verilog-learning/prj/transmitter/transmitter.srcs/sources_1/bd/system/ip/system_clk_wiz_0_0/system_clk_wiz_0_0_board.xdc] for cell 'system_i/dac/clk_wiz_0/inst'
Parsing XDC File [c:/Users/rinu2/Documents/kichi@git/verilog-learning/prj/transmitter/transmitter.srcs/sources_1/bd/system/ip/system_clk_wiz_0_0/system_clk_wiz_0_0.xdc] for cell 'system_i/dac/clk_wiz_0/inst'
INFO: [Timing 38-35] Done setting XDC timing constraints. [c:/Users/rinu2/Documents/kichi@git/verilog-learning/prj/transmitter/transmitter.srcs/sources_1/bd/system/ip/system_clk_wiz_0_0/system_clk_wiz_0_0.xdc:57]
INFO: [Timing 38-2] Deriving generated clocks [c:/Users/rinu2/Documents/kichi@git/verilog-learning/prj/transmitter/transmitter.srcs/sources_1/bd/system/ip/system_clk_wiz_0_0/system_clk_wiz_0_0.xdc:57]
get_clocks: Time (s): cpu = 00:00:06 ; elapsed = 00:00:06 . Memory (MB): peak = 1390.516 ; gain = 365.367
Finished Parsing XDC File [c:/Users/rinu2/Documents/kichi@git/verilog-learning/prj/transmitter/transmitter.srcs/sources_1/bd/system/ip/system_clk_wiz_0_0/system_clk_wiz_0_0.xdc] for cell 'system_i/dac/clk_wiz_0/inst'
Parsing XDC File [c:/Users/rinu2/Documents/kichi@git/verilog-learning/prj/transmitter/transmitter.srcs/sources_1/bd/system/ip/system_rst_ps7_0_125M_0/system_rst_ps7_0_125M_0_board.xdc] for cell 'system_i/PS7/rst_ps7_0_125M/U0'
Finished Parsing XDC File [c:/Users/rinu2/Documents/kichi@git/verilog-learning/prj/transmitter/transmitter.srcs/sources_1/bd/system/ip/system_rst_ps7_0_125M_0/system_rst_ps7_0_125M_0_board.xdc] for cell 'system_i/PS7/rst_ps7_0_125M/U0'
Parsing XDC File [c:/Users/rinu2/Documents/kichi@git/verilog-learning/prj/transmitter/transmitter.srcs/sources_1/bd/system/ip/system_rst_ps7_0_125M_0/system_rst_ps7_0_125M_0.xdc] for cell 'system_i/PS7/rst_ps7_0_125M/U0'
Finished Parsing XDC File [c:/Users/rinu2/Documents/kichi@git/verilog-learning/prj/transmitter/transmitter.srcs/sources_1/bd/system/ip/system_rst_ps7_0_125M_0/system_rst_ps7_0_125M_0.xdc] for cell 'system_i/PS7/rst_ps7_0_125M/U0'
Parsing XDC File [c:/Users/rinu2/Documents/kichi@git/verilog-learning/prj/transmitter/transmitter.srcs/sources_1/bd/system/ip/system_axi_gpio_0_2/system_axi_gpio_0_2_board.xdc] for cell 'system_i/axi_gpio_1/U0'
Finished Parsing XDC File [c:/Users/rinu2/Documents/kichi@git/verilog-learning/prj/transmitter/transmitter.srcs/sources_1/bd/system/ip/system_axi_gpio_0_2/system_axi_gpio_0_2_board.xdc] for cell 'system_i/axi_gpio_1/U0'
Parsing XDC File [c:/Users/rinu2/Documents/kichi@git/verilog-learning/prj/transmitter/transmitter.srcs/sources_1/bd/system/ip/system_axi_gpio_0_2/system_axi_gpio_0_2.xdc] for cell 'system_i/axi_gpio_1/U0'
Finished Parsing XDC File [c:/Users/rinu2/Documents/kichi@git/verilog-learning/prj/transmitter/transmitter.srcs/sources_1/bd/system/ip/system_axi_gpio_0_2/system_axi_gpio_0_2.xdc] for cell 'system_i/axi_gpio_1/U0'
Parsing XDC File [C:/Users/rinu2/Documents/kichi@git/verilog-learning/prj/transmitter/transmitter.srcs/constrs_1/imports/cfg/clocks.xdc]
Finished Parsing XDC File [C:/Users/rinu2/Documents/kichi@git/verilog-learning/prj/transmitter/transmitter.srcs/constrs_1/imports/cfg/clocks.xdc]
Parsing XDC File [C:/Users/rinu2/Documents/kichi@git/verilog-learning/prj/transmitter/transmitter.srcs/constrs_1/imports/cfg/ports.xdc]
WARNING: [Vivado 12-584] No ports matched 'Vp_Vn_v_p'. [C:/Users/rinu2/Documents/kichi@git/verilog-learning/prj/transmitter/transmitter.srcs/constrs_1/imports/cfg/ports.xdc:123]
CRITICAL WARNING: [Common 17-55] 'set_property' expects at least one object. [C:/Users/rinu2/Documents/kichi@git/verilog-learning/prj/transmitter/transmitter.srcs/constrs_1/imports/cfg/ports.xdc:123]
Resolution: If [get_<value>] was used to populate the object, check to make sure this command returns at least one valid object.
WARNING: [Vivado 12-584] No ports matched 'Vp_Vn_v_n'. [C:/Users/rinu2/Documents/kichi@git/verilog-learning/prj/transmitter/transmitter.srcs/constrs_1/imports/cfg/ports.xdc:124]
CRITICAL WARNING: [Common 17-55] 'set_property' expects at least one object. [C:/Users/rinu2/Documents/kichi@git/verilog-learning/prj/transmitter/transmitter.srcs/constrs_1/imports/cfg/ports.xdc:124]
Resolution: If [get_<value>] was used to populate the object, check to make sure this command returns at least one valid object.
WARNING: [Vivado 12-584] No ports matched 'Vaux0_v_p'. [C:/Users/rinu2/Documents/kichi@git/verilog-learning/prj/transmitter/transmitter.srcs/constrs_1/imports/cfg/ports.xdc:125]
CRITICAL WARNING: [Common 17-55] 'set_property' expects at least one object. [C:/Users/rinu2/Documents/kichi@git/verilog-learning/prj/transmitter/transmitter.srcs/constrs_1/imports/cfg/ports.xdc:125]
Resolution: If [get_<value>] was used to populate the object, check to make sure this command returns at least one valid object.
WARNING: [Vivado 12-584] No ports matched 'Vaux0_v_n'. [C:/Users/rinu2/Documents/kichi@git/verilog-learning/prj/transmitter/transmitter.srcs/constrs_1/imports/cfg/ports.xdc:126]
CRITICAL WARNING: [Common 17-55] 'set_property' expects at least one object. [C:/Users/rinu2/Documents/kichi@git/verilog-learning/prj/transmitter/transmitter.srcs/constrs_1/imports/cfg/ports.xdc:126]
Resolution: If [get_<value>] was used to populate the object, check to make sure this command returns at least one valid object.
WARNING: [Vivado 12-584] No ports matched 'Vaux1_v_p'. [C:/Users/rinu2/Documents/kichi@git/verilog-learning/prj/transmitter/transmitter.srcs/constrs_1/imports/cfg/ports.xdc:127]
CRITICAL WARNING: [Common 17-55] 'set_property' expects at least one object. [C:/Users/rinu2/Documents/kichi@git/verilog-learning/prj/transmitter/transmitter.srcs/constrs_1/imports/cfg/ports.xdc:127]
Resolution: If [get_<value>] was used to populate the object, check to make sure this command returns at least one valid object.
WARNING: [Vivado 12-584] No ports matched 'Vaux1_v_n'. [C:/Users/rinu2/Documents/kichi@git/verilog-learning/prj/transmitter/transmitter.srcs/constrs_1/imports/cfg/ports.xdc:128]
CRITICAL WARNING: [Common 17-55] 'set_property' expects at least one object. [C:/Users/rinu2/Documents/kichi@git/verilog-learning/prj/transmitter/transmitter.srcs/constrs_1/imports/cfg/ports.xdc:128]
Resolution: If [get_<value>] was used to populate the object, check to make sure this command returns at least one valid object.
WARNING: [Vivado 12-584] No ports matched 'Vaux8_v_p'. [C:/Users/rinu2/Documents/kichi@git/verilog-learning/prj/transmitter/transmitter.srcs/constrs_1/imports/cfg/ports.xdc:129]
CRITICAL WARNING: [Common 17-55] 'set_property' expects at least one object. [C:/Users/rinu2/Documents/kichi@git/verilog-learning/prj/transmitter/transmitter.srcs/constrs_1/imports/cfg/ports.xdc:129]
Resolution: If [get_<value>] was used to populate the object, check to make sure this command returns at least one valid object.
WARNING: [Vivado 12-584] No ports matched 'Vaux8_v_n'. [C:/Users/rinu2/Documents/kichi@git/verilog-learning/prj/transmitter/transmitter.srcs/constrs_1/imports/cfg/ports.xdc:130]
CRITICAL WARNING: [Common 17-55] 'set_property' expects at least one object. [C:/Users/rinu2/Documents/kichi@git/verilog-learning/prj/transmitter/transmitter.srcs/constrs_1/imports/cfg/ports.xdc:130]
Resolution: If [get_<value>] was used to populate the object, check to make sure this command returns at least one valid object.
WARNING: [Vivado 12-584] No ports matched 'Vaux9_v_p'. [C:/Users/rinu2/Documents/kichi@git/verilog-learning/prj/transmitter/transmitter.srcs/constrs_1/imports/cfg/ports.xdc:131]
CRITICAL WARNING: [Common 17-55] 'set_property' expects at least one object. [C:/Users/rinu2/Documents/kichi@git/verilog-learning/prj/transmitter/transmitter.srcs/constrs_1/imports/cfg/ports.xdc:131]
Resolution: If [get_<value>] was used to populate the object, check to make sure this command returns at least one valid object.
WARNING: [Vivado 12-584] No ports matched 'Vaux9_v_n'. [C:/Users/rinu2/Documents/kichi@git/verilog-learning/prj/transmitter/transmitter.srcs/constrs_1/imports/cfg/ports.xdc:132]
CRITICAL WARNING: [Common 17-55] 'set_property' expects at least one object. [C:/Users/rinu2/Documents/kichi@git/verilog-learning/prj/transmitter/transmitter.srcs/constrs_1/imports/cfg/ports.xdc:132]
Resolution: If [get_<value>] was used to populate the object, check to make sure this command returns at least one valid object.
WARNING: [Vivado 12-584] No ports matched 'Vp_Vn_v_p'. [C:/Users/rinu2/Documents/kichi@git/verilog-learning/prj/transmitter/transmitter.srcs/constrs_1/imports/cfg/ports.xdc:134]
CRITICAL WARNING: [Common 17-55] 'set_property' expects at least one object. [C:/Users/rinu2/Documents/kichi@git/verilog-learning/prj/transmitter/transmitter.srcs/constrs_1/imports/cfg/ports.xdc:134]
Resolution: If [get_<value>] was used to populate the object, check to make sure this command returns at least one valid object.
WARNING: [Vivado 12-584] No ports matched 'Vp_Vn_v_n'. [C:/Users/rinu2/Documents/kichi@git/verilog-learning/prj/transmitter/transmitter.srcs/constrs_1/imports/cfg/ports.xdc:135]
CRITICAL WARNING: [Common 17-55] 'set_property' expects at least one object. [C:/Users/rinu2/Documents/kichi@git/verilog-learning/prj/transmitter/transmitter.srcs/constrs_1/imports/cfg/ports.xdc:135]
Resolution: If [get_<value>] was used to populate the object, check to make sure this command returns at least one valid object.
WARNING: [Vivado 12-584] No ports matched 'Vaux0_v_p'. [C:/Users/rinu2/Documents/kichi@git/verilog-learning/prj/transmitter/transmitter.srcs/constrs_1/imports/cfg/ports.xdc:136]
CRITICAL WARNING: [Common 17-55] 'set_property' expects at least one object. [C:/Users/rinu2/Documents/kichi@git/verilog-learning/prj/transmitter/transmitter.srcs/constrs_1/imports/cfg/ports.xdc:136]
Resolution: If [get_<value>] was used to populate the object, check to make sure this command returns at least one valid object.
WARNING: [Vivado 12-584] No ports matched 'Vaux0_v_n'. [C:/Users/rinu2/Documents/kichi@git/verilog-learning/prj/transmitter/transmitter.srcs/constrs_1/imports/cfg/ports.xdc:137]
CRITICAL WARNING: [Common 17-55] 'set_property' expects at least one object. [C:/Users/rinu2/Documents/kichi@git/verilog-learning/prj/transmitter/transmitter.srcs/constrs_1/imports/cfg/ports.xdc:137]
Resolution: If [get_<value>] was used to populate the object, check to make sure this command returns at least one valid object.
WARNING: [Vivado 12-584] No ports matched 'Vaux1_v_p'. [C:/Users/rinu2/Documents/kichi@git/verilog-learning/prj/transmitter/transmitter.srcs/constrs_1/imports/cfg/ports.xdc:138]
CRITICAL WARNING: [Common 17-55] 'set_property' expects at least one object. [C:/Users/rinu2/Documents/kichi@git/verilog-learning/prj/transmitter/transmitter.srcs/constrs_1/imports/cfg/ports.xdc:138]
Resolution: If [get_<value>] was used to populate the object, check to make sure this command returns at least one valid object.
WARNING: [Vivado 12-584] No ports matched 'Vaux1_v_n'. [C:/Users/rinu2/Documents/kichi@git/verilog-learning/prj/transmitter/transmitter.srcs/constrs_1/imports/cfg/ports.xdc:139]
CRITICAL WARNING: [Common 17-55] 'set_property' expects at least one object. [C:/Users/rinu2/Documents/kichi@git/verilog-learning/prj/transmitter/transmitter.srcs/constrs_1/imports/cfg/ports.xdc:139]
Resolution: If [get_<value>] was used to populate the object, check to make sure this command returns at least one valid object.
WARNING: [Vivado 12-584] No ports matched 'Vaux8_v_p'. [C:/Users/rinu2/Documents/kichi@git/verilog-learning/prj/transmitter/transmitter.srcs/constrs_1/imports/cfg/ports.xdc:140]
CRITICAL WARNING: [Common 17-55] 'set_property' expects at least one object. [C:/Users/rinu2/Documents/kichi@git/verilog-learning/prj/transmitter/transmitter.srcs/constrs_1/imports/cfg/ports.xdc:140]
Resolution: If [get_<value>] was used to populate the object, check to make sure this command returns at least one valid object.
WARNING: [Vivado 12-584] No ports matched 'Vaux8_v_n'. [C:/Users/rinu2/Documents/kichi@git/verilog-learning/prj/transmitter/transmitter.srcs/constrs_1/imports/cfg/ports.xdc:141]
CRITICAL WARNING: [Common 17-55] 'set_property' expects at least one object. [C:/Users/rinu2/Documents/kichi@git/verilog-learning/prj/transmitter/transmitter.srcs/constrs_1/imports/cfg/ports.xdc:141]
Resolution: If [get_<value>] was used to populate the object, check to make sure this command returns at least one valid object.
WARNING: [Vivado 12-584] No ports matched 'Vaux9_v_p'. [C:/Users/rinu2/Documents/kichi@git/verilog-learning/prj/transmitter/transmitter.srcs/constrs_1/imports/cfg/ports.xdc:142]
CRITICAL WARNING: [Common 17-55] 'set_property' expects at least one object. [C:/Users/rinu2/Documents/kichi@git/verilog-learning/prj/transmitter/transmitter.srcs/constrs_1/imports/cfg/ports.xdc:142]
Resolution: If [get_<value>] was used to populate the object, check to make sure this command returns at least one valid object.
WARNING: [Vivado 12-584] No ports matched 'Vaux9_v_n'. [C:/Users/rinu2/Documents/kichi@git/verilog-learning/prj/transmitter/transmitter.srcs/constrs_1/imports/cfg/ports.xdc:143]
CRITICAL WARNING: [Common 17-55] 'set_property' expects at least one object. [C:/Users/rinu2/Documents/kichi@git/verilog-learning/prj/transmitter/transmitter.srcs/constrs_1/imports/cfg/ports.xdc:143]
Resolution: If [get_<value>] was used to populate the object, check to make sure this command returns at least one valid object.
WARNING: [Vivado 12-584] No ports matched 'exp_p_trg'. [C:/Users/rinu2/Documents/kichi@git/verilog-learning/prj/transmitter/transmitter.srcs/constrs_1/imports/cfg/ports.xdc:173]
CRITICAL WARNING: [Common 17-55] 'set_property' expects at least one object. [C:/Users/rinu2/Documents/kichi@git/verilog-learning/prj/transmitter/transmitter.srcs/constrs_1/imports/cfg/ports.xdc:173]
Resolution: If [get_<value>] was used to populate the object, check to make sure this command returns at least one valid object.
WARNING: [Vivado 12-584] No ports matched 'exp_p_trg'. [C:/Users/rinu2/Documents/kichi@git/verilog-learning/prj/transmitter/transmitter.srcs/constrs_1/imports/cfg/ports.xdc:174]
CRITICAL WARNING: [Common 17-55] 'set_property' expects at least one object. [C:/Users/rinu2/Documents/kichi@git/verilog-learning/prj/transmitter/transmitter.srcs/constrs_1/imports/cfg/ports.xdc:174]
Resolution: If [get_<value>] was used to populate the object, check to make sure this command returns at least one valid object.
WARNING: [Vivado 12-584] No ports matched 'exp_p_trg'. [C:/Users/rinu2/Documents/kichi@git/verilog-learning/prj/transmitter/transmitter.srcs/constrs_1/imports/cfg/ports.xdc:175]
CRITICAL WARNING: [Common 17-55] 'set_property' expects at least one object. [C:/Users/rinu2/Documents/kichi@git/verilog-learning/prj/transmitter/transmitter.srcs/constrs_1/imports/cfg/ports.xdc:175]
Resolution: If [get_<value>] was used to populate the object, check to make sure this command returns at least one valid object.
WARNING: [Vivado 12-584] No ports matched 'exp_p_trg'. [C:/Users/rinu2/Documents/kichi@git/verilog-learning/prj/transmitter/transmitter.srcs/constrs_1/imports/cfg/ports.xdc:177]
CRITICAL WARNING: [Common 17-55] 'set_property' expects at least one object. [C:/Users/rinu2/Documents/kichi@git/verilog-learning/prj/transmitter/transmitter.srcs/constrs_1/imports/cfg/ports.xdc:177]
Resolution: If [get_<value>] was used to populate the object, check to make sure this command returns at least one valid object.
WARNING: [Vivado 12-584] No ports matched 'exp_n_alex[*]'. [C:/Users/rinu2/Documents/kichi@git/verilog-learning/prj/transmitter/transmitter.srcs/constrs_1/imports/cfg/ports.xdc:179]
CRITICAL WARNING: [Common 17-55] 'set_property' expects at least one object. [C:/Users/rinu2/Documents/kichi@git/verilog-learning/prj/transmitter/transmitter.srcs/constrs_1/imports/cfg/ports.xdc:179]
Resolution: If [get_<value>] was used to populate the object, check to make sure this command returns at least one valid object.
WARNING: [Vivado 12-584] No ports matched 'exp_n_alex[*]'. [C:/Users/rinu2/Documents/kichi@git/verilog-learning/prj/transmitter/transmitter.srcs/constrs_1/imports/cfg/ports.xdc:180]
CRITICAL WARNING: [Common 17-55] 'set_property' expects at least one object. [C:/Users/rinu2/Documents/kichi@git/verilog-learning/prj/transmitter/transmitter.srcs/constrs_1/imports/cfg/ports.xdc:180]
Resolution: If [get_<value>] was used to populate the object, check to make sure this command returns at least one valid object.
WARNING: [Vivado 12-584] No ports matched 'exp_n_alex[*]'. [C:/Users/rinu2/Documents/kichi@git/verilog-learning/prj/transmitter/transmitter.srcs/constrs_1/imports/cfg/ports.xdc:181]
CRITICAL WARNING: [Common 17-55] 'set_property' expects at least one object. [C:/Users/rinu2/Documents/kichi@git/verilog-learning/prj/transmitter/transmitter.srcs/constrs_1/imports/cfg/ports.xdc:181]
Resolution: If [get_<value>] was used to populate the object, check to make sure this command returns at least one valid object.
WARNING: [Vivado 12-584] No ports matched 'exp_n_alex[0]'. [C:/Users/rinu2/Documents/kichi@git/verilog-learning/prj/transmitter/transmitter.srcs/constrs_1/imports/cfg/ports.xdc:183]
CRITICAL WARNING: [Common 17-55] 'set_property' expects at least one object. [C:/Users/rinu2/Documents/kichi@git/verilog-learning/prj/transmitter/transmitter.srcs/constrs_1/imports/cfg/ports.xdc:183]
Resolution: If [get_<value>] was used to populate the object, check to make sure this command returns at least one valid object.
WARNING: [Vivado 12-584] No ports matched 'exp_n_alex[1]'. [C:/Users/rinu2/Documents/kichi@git/verilog-learning/prj/transmitter/transmitter.srcs/constrs_1/imports/cfg/ports.xdc:184]
CRITICAL WARNING: [Common 17-55] 'set_property' expects at least one object. [C:/Users/rinu2/Documents/kichi@git/verilog-learning/prj/transmitter/transmitter.srcs/constrs_1/imports/cfg/ports.xdc:184]
Resolution: If [get_<value>] was used to populate the object, check to make sure this command returns at least one valid object.
WARNING: [Vivado 12-584] No ports matched 'exp_n_alex[2]'. [C:/Users/rinu2/Documents/kichi@git/verilog-learning/prj/transmitter/transmitter.srcs/constrs_1/imports/cfg/ports.xdc:185]
CRITICAL WARNING: [Common 17-55] 'set_property' expects at least one object. [C:/Users/rinu2/Documents/kichi@git/verilog-learning/prj/transmitter/transmitter.srcs/constrs_1/imports/cfg/ports.xdc:185]
Resolution: If [get_<value>] was used to populate the object, check to make sure this command returns at least one valid object.
WARNING: [Vivado 12-584] No ports matched 'exp_n_alex[3]'. [C:/Users/rinu2/Documents/kichi@git/verilog-learning/prj/transmitter/transmitter.srcs/constrs_1/imports/cfg/ports.xdc:186]
CRITICAL WARNING: [Common 17-55] 'set_property' expects at least one object. [C:/Users/rinu2/Documents/kichi@git/verilog-learning/prj/transmitter/transmitter.srcs/constrs_1/imports/cfg/ports.xdc:186]
Resolution: If [get_<value>] was used to populate the object, check to make sure this command returns at least one valid object.
Finished Parsing XDC File [C:/Users/rinu2/Documents/kichi@git/verilog-learning/prj/transmitter/transmitter.srcs/constrs_1/imports/cfg/ports.xdc]
Parsing XDC File [c:/Users/rinu2/Documents/kichi@git/verilog-learning/prj/transmitter/transmitter.srcs/sources_1/bd/system/ip/system_s00_data_fifo_0/system_s00_data_fifo_0_clocks.xdc] for cell 'system_i/PS7/ps7_0_axi_periph/s00_couplers/s00_data_fifo/inst'
WARNING: [Vivado 12-180] No cells matched '*'. [c:/Users/rinu2/Documents/kichi@git/verilog-learning/prj/transmitter/transmitter.srcs/sources_1/bd/system/ip/system_s00_data_fifo_0/system_s00_data_fifo_0_clocks.xdc:2]
WARNING: [Vivado 12-508] No pins matched '*'. [c:/Users/rinu2/Documents/kichi@git/verilog-learning/prj/transmitter/transmitter.srcs/sources_1/bd/system/ip/system_s00_data_fifo_0/system_s00_data_fifo_0_clocks.xdc:2]
WARNING: [Vivado_Tcl 4-939] Waiver ID 'LUTAR-1' object list should not be empty (perhaps an invalid wildcard was used or only unsupported objects). [c:/Users/rinu2/Documents/kichi@git/verilog-learning/prj/transmitter/transmitter.srcs/sources_1/bd/system/ip/system_s00_data_fifo_0/system_s00_data_fifo_0_clocks.xdc:2]
WARNING: [Vivado 12-180] No cells matched '*'. [c:/Users/rinu2/Documents/kichi@git/verilog-learning/prj/transmitter/transmitter.srcs/sources_1/bd/system/ip/system_s00_data_fifo_0/system_s00_data_fifo_0_clocks.xdc:6]
WARNING: [Vivado 12-508] No pins matched '*'. [c:/Users/rinu2/Documents/kichi@git/verilog-learning/prj/transmitter/transmitter.srcs/sources_1/bd/system/ip/system_s00_data_fifo_0/system_s00_data_fifo_0_clocks.xdc:6]
WARNING: [Vivado_Tcl 4-939] Waiver ID 'LUTAR-1' object list should not be empty (perhaps an invalid wildcard was used or only unsupported objects). [c:/Users/rinu2/Documents/kichi@git/verilog-learning/prj/transmitter/transmitter.srcs/sources_1/bd/system/ip/system_s00_data_fifo_0/system_s00_data_fifo_0_clocks.xdc:6]
Finished Parsing XDC File [c:/Users/rinu2/Documents/kichi@git/verilog-learning/prj/transmitter/transmitter.srcs/sources_1/bd/system/ip/system_s00_data_fifo_0/system_s00_data_fifo_0_clocks.xdc] for cell 'system_i/PS7/ps7_0_axi_periph/s00_couplers/s00_data_fifo/inst'
INFO: [Opt 31-138] Pushed 0 inverter(s) to 0 load pin(s).
Netlist sorting complete. Time (s): cpu = 00:00:00 ; elapsed = 00:00:00.001 . Memory (MB): peak = 1390.516 ; gain = 0.000
INFO: [Project 1-111] Unisim Transformation Summary:
  A total of 2 instances were transformed.
  OBUFDS => OBUFDS_DUAL_BUF (INV, OBUFDS(x2)): 2 instances

30 Infos, 46 Warnings, 31 Critical Warnings and 0 Errors encountered.
link_design completed successfully
link_design: Time (s): cpu = 00:00:12 ; elapsed = 00:00:17 . Memory (MB): peak = 1390.516 ; gain = 365.367
Command: opt_design
Attempting to get a license for feature 'Implementation' and/or device 'xc7z010'
INFO: [Common 17-349] Got license for feature 'Implementation' and/or device 'xc7z010'
Running DRC as a precondition to command opt_design

Starting DRC Task
INFO: [DRC 23-27] Running DRC with 2 threads
WARNING: [DRC RPBF-3] IO port buffering is incomplete: Device port exp_n_tri_io[0] expects both input and output buffering but the buffers are incomplete.
WARNING: [DRC RPBF-3] IO port buffering is incomplete: Device port exp_n_tri_io[1] expects both input and output buffering but the buffers are incomplete.
WARNING: [DRC RPBF-3] IO port buffering is incomplete: Device port exp_n_tri_io[2] expects both input and output buffering but the buffers are incomplete.
WARNING: [DRC RPBF-3] IO port buffering is incomplete: Device port exp_n_tri_io[3] expects both input and output buffering but the buffers are incomplete.
WARNING: [DRC RPBF-3] IO port buffering is incomplete: Device port exp_n_tri_io[4] expects both input and output buffering but the buffers are incomplete.
WARNING: [DRC RPBF-3] IO port buffering is incomplete: Device port exp_n_tri_io[5] expects both input and output buffering but the buffers are incomplete.
WARNING: [DRC RPBF-3] IO port buffering is incomplete: Device port exp_n_tri_io[6] expects both input and output buffering but the buffers are incomplete.
WARNING: [DRC RPBF-3] IO port buffering is incomplete: Device port exp_n_tri_io[7] expects both input and output buffering but the buffers are incomplete.
WARNING: [DRC RPBF-3] IO port buffering is incomplete: Device port exp_p_tri_io[0] expects both input and output buffering but the buffers are incomplete.
WARNING: [DRC RPBF-3] IO port buffering is incomplete: Device port exp_p_tri_io[1] expects both input and output buffering but the buffers are incomplete.
WARNING: [DRC RPBF-3] IO port buffering is incomplete: Device port exp_p_tri_io[2] expects both input and output buffering but the buffers are incomplete.
WARNING: [DRC RPBF-3] IO port buffering is incomplete: Device port exp_p_tri_io[3] expects both input and output buffering but the buffers are incomplete.
WARNING: [DRC RPBF-3] IO port buffering is incomplete: Device port exp_p_tri_io[4] expects both input and output buffering but the buffers are incomplete.
WARNING: [DRC RPBF-3] IO port buffering is incomplete: Device port exp_p_tri_io[5] expects both input and output buffering but the buffers are incomplete.
WARNING: [DRC RPBF-3] IO port buffering is incomplete: Device port exp_p_tri_io[6] expects both input and output buffering but the buffers are incomplete.
WARNING: [DRC RPBF-3] IO port buffering is incomplete: Device port exp_p_tri_io[7] expects both input and output buffering but the buffers are incomplete.
INFO: [Project 1-461] DRC finished with 0 Errors, 16 Warnings
INFO: [Project 1-462] Please refer to the DRC report (report_drc) for more information.

Time (s): cpu = 00:00:01 ; elapsed = 00:00:00.690 . Memory (MB): peak = 1390.516 ; gain = 0.000

Starting Cache Timing Information Task
INFO: [Timing 38-35] Done setting XDC timing constraints.
Ending Cache Timing Information Task | Checksum: d6abedc5

Time (s): cpu = 00:00:00 ; elapsed = 00:00:00.111 . Memory (MB): peak = 1407.441 ; gain = 16.926

Starting Logic Optimization Task

Phase 1 Retarget
INFO: [Opt 31-138] Pushed 0 inverter(s) to 0 load pin(s).
INFO: [Opt 31-49] Retargeted 0 cell(s).
Phase 1 Retarget | Checksum: 27812be40

Time (s): cpu = 00:00:00 ; elapsed = 00:00:00.142 . Memory (MB): peak = 1603.191 ; gain = 0.000
INFO: [Opt 31-389] Phase Retarget created 34 cells and removed 42 cells
INFO: [Opt 31-1021] In phase Retarget, 1 netlist objects are constrained preventing optimization. Please run opt_design with -debug_log to get more detail. 

Phase 2 Constant propagation
INFO: [Opt 31-138] Pushed 0 inverter(s) to 0 load pin(s).
Phase 2 Constant propagation | Checksum: 20cde6063

Time (s): cpu = 00:00:00 ; elapsed = 00:00:00.156 . Memory (MB): peak = 1603.191 ; gain = 0.000
INFO: [Opt 31-389] Phase Constant propagation created 1 cells and removed 2 cells

Phase 3 Sweep
Phase 3 Sweep | Checksum: 1101b3e60

Time (s): cpu = 00:00:00 ; elapsed = 00:00:00.512 . Memory (MB): peak = 1603.191 ; gain = 0.000
INFO: [Opt 31-389] Phase Sweep created 1 cells and removed 415 cells

Phase 4 BUFG optimization
Phase 4 BUFG optimization | Checksum: 1101b3e60

Time (s): cpu = 00:00:00 ; elapsed = 00:00:00.544 . Memory (MB): peak = 1603.191 ; gain = 0.000
INFO: [Opt 31-662] Phase BUFG optimization created 0 cells of which 0 are BUFGs and removed 0 cells.

Phase 5 Shift Register Optimization
INFO: [Opt 31-1064] SRL Remap converted 0 SRLs to 0 registers and converted 0 registers of register chains to 0 SRLs
Phase 5 Shift Register Optimization | Checksum: 1101b3e60

Time (s): cpu = 00:00:00 ; elapsed = 00:00:00.579 . Memory (MB): peak = 1603.191 ; gain = 0.000
INFO: [Opt 31-389] Phase Shift Register Optimization created 0 cells and removed 0 cells

Phase 6 Post Processing Netlist
Phase 6 Post Processing Netlist | Checksum: 107d7b473

Time (s): cpu = 00:00:00 ; elapsed = 00:00:00.607 . Memory (MB): peak = 1603.191 ; gain = 0.000
INFO: [Opt 31-389] Phase Post Processing Netlist created 0 cells and removed 0 cells
Opt_design Change Summary
=========================


-------------------------------------------------------------------------------------------------------------------------
|  Phase                        |  #Cells created  |  #Cells Removed  |  #Constrained objects preventing optimizations  |
-------------------------------------------------------------------------------------------------------------------------
|  Retarget                     |              34  |              42  |                                              1  |
|  Constant propagation         |               1  |               2  |                                              0  |
|  Sweep                        |               1  |             415  |                                              0  |
|  BUFG optimization            |               0  |               0  |                                              0  |
|  Shift Register Optimization  |               0  |               0  |                                              0  |
|  Post Processing Netlist      |               0  |               0  |                                              0  |
-------------------------------------------------------------------------------------------------------------------------



Starting Connectivity Check Task

Time (s): cpu = 00:00:00 ; elapsed = 00:00:00.004 . Memory (MB): peak = 1603.191 ; gain = 0.000
Ending Logic Optimization Task | Checksum: 1ea8187af

Time (s): cpu = 00:00:00 ; elapsed = 00:00:00.688 . Memory (MB): peak = 1603.191 ; gain = 0.000

Starting Power Optimization Task
INFO: [Pwropt 34-132] Skipping clock gating for clocks with a period < 2.00 ns.
Ending Power Optimization Task | Checksum: 1ea8187af

Time (s): cpu = 00:00:00 ; elapsed = 00:00:00.007 . Memory (MB): peak = 1603.191 ; gain = 0.000

Starting Final Cleanup Task
Ending Final Cleanup Task | Checksum: 1ea8187af

Time (s): cpu = 00:00:00 ; elapsed = 00:00:00 . Memory (MB): peak = 1603.191 ; gain = 0.000

Starting Netlist Obfuscation Task
Netlist sorting complete. Time (s): cpu = 00:00:00 ; elapsed = 00:00:00.001 . Memory (MB): peak = 1603.191 ; gain = 0.000
Ending Netlist Obfuscation Task | Checksum: 1ea8187af

Time (s): cpu = 00:00:00 ; elapsed = 00:00:00.001 . Memory (MB): peak = 1603.191 ; gain = 0.000
INFO: [Common 17-83] Releasing license: Implementation
48 Infos, 62 Warnings, 31 Critical Warnings and 0 Errors encountered.
opt_design completed successfully
INFO: [Timing 38-35] Done setting XDC timing constraints.
INFO: [Timing 38-480] Writing timing data to binary archive.
Writing placer database...
Writing XDEF routing.
Writing XDEF routing logical nets.
Writing XDEF routing special nets.
Write XDEF Complete: Time (s): cpu = 00:00:01 ; elapsed = 00:00:00.065 . Memory (MB): peak = 1603.191 ; gain = 0.000
INFO: [Common 17-1381] The checkpoint 'C:/Users/rinu2/Documents/kichi@git/verilog-learning/prj/transmitter/transmitter.runs/impl_1/system_wrapper_opt.dcp' has been generated.
INFO: [runtcl-4] Executing : report_drc -file system_wrapper_drc_opted.rpt -pb system_wrapper_drc_opted.pb -rpx system_wrapper_drc_opted.rpx
Command: report_drc -file system_wrapper_drc_opted.rpt -pb system_wrapper_drc_opted.pb -rpx system_wrapper_drc_opted.rpx
INFO: [IP_Flow 19-1839] IP Catalog is up to date.
INFO: [DRC 23-27] Running DRC with 2 threads
INFO: [Coretcl 2-168] The results of DRC are in file C:/Users/rinu2/Documents/kichi@git/verilog-learning/prj/transmitter/transmitter.runs/impl_1/system_wrapper_drc_opted.rpt.
report_drc completed successfully
Command: place_design -directive ExtraNetDelay_high
Attempting to get a license for feature 'Implementation' and/or device 'xc7z010'
INFO: [Common 17-349] Got license for feature 'Implementation' and/or device 'xc7z010'
INFO: [DRC 23-27] Running DRC with 2 threads
INFO: [Vivado_Tcl 4-198] DRC finished with 0 Errors
INFO: [Vivado_Tcl 4-199] Please refer to the DRC report (report_drc) for more information.
Running DRC as a precondition to command place_design
INFO: [DRC 23-27] Running DRC with 2 threads
WARNING: [DRC RPBF-3] IO port buffering is incomplete: Device port exp_n_tri_io[0] expects both input and output buffering but the buffers are incomplete.
WARNING: [DRC RPBF-3] IO port buffering is incomplete: Device port exp_n_tri_io[1] expects both input and output buffering but the buffers are incomplete.
WARNING: [DRC RPBF-3] IO port buffering is incomplete: Device port exp_n_tri_io[2] expects both input and output buffering but the buffers are incomplete.
WARNING: [DRC RPBF-3] IO port buffering is incomplete: Device port exp_n_tri_io[3] expects both input and output buffering but the buffers are incomplete.
WARNING: [DRC RPBF-3] IO port buffering is incomplete: Device port exp_n_tri_io[4] expects both input and output buffering but the buffers are incomplete.
WARNING: [DRC RPBF-3] IO port buffering is incomplete: Device port exp_n_tri_io[5] expects both input and output buffering but the buffers are incomplete.
WARNING: [DRC RPBF-3] IO port buffering is incomplete: Device port exp_n_tri_io[6] expects both input and output buffering but the buffers are incomplete.
WARNING: [DRC RPBF-3] IO port buffering is incomplete: Device port exp_n_tri_io[7] expects both input and output buffering but the buffers are incomplete.
WARNING: [DRC RPBF-3] IO port buffering is incomplete: Device port exp_p_tri_io[0] expects both input and output buffering but the buffers are incomplete.
WARNING: [DRC RPBF-3] IO port buffering is incomplete: Device port exp_p_tri_io[1] expects both input and output buffering but the buffers are incomplete.
WARNING: [DRC RPBF-3] IO port buffering is incomplete: Device port exp_p_tri_io[2] expects both input and output buffering but the buffers are incomplete.
WARNING: [DRC RPBF-3] IO port buffering is incomplete: Device port exp_p_tri_io[3] expects both input and output buffering but the buffers are incomplete.
WARNING: [DRC RPBF-3] IO port buffering is incomplete: Device port exp_p_tri_io[4] expects both input and output buffering but the buffers are incomplete.
WARNING: [DRC RPBF-3] IO port buffering is incomplete: Device port exp_p_tri_io[5] expects both input and output buffering but the buffers are incomplete.
WARNING: [DRC RPBF-3] IO port buffering is incomplete: Device port exp_p_tri_io[6] expects both input and output buffering but the buffers are incomplete.
WARNING: [DRC RPBF-3] IO port buffering is incomplete: Device port exp_p_tri_io[7] expects both input and output buffering but the buffers are incomplete.
INFO: [Vivado_Tcl 4-198] DRC finished with 0 Errors, 16 Warnings
INFO: [Vivado_Tcl 4-199] Please refer to the DRC report (report_drc) for more information.

Starting Placer Task
INFO: [Place 46-5] The placer was invoked with the 'ExtraNetDelay_high' directive.
INFO: [Place 30-611] Multithreading enabled for place_design using a maximum of 2 CPUs

Phase 1 Placer Initialization

Phase 1.1 Placer Initialization Netlist Sorting
Netlist sorting complete. Time (s): cpu = 00:00:00 ; elapsed = 00:00:00.001 . Memory (MB): peak = 1603.191 ; gain = 0.000
Phase 1.1 Placer Initialization Netlist Sorting | Checksum: 10ba84c97

Time (s): cpu = 00:00:00 ; elapsed = 00:00:00.011 . Memory (MB): peak = 1603.191 ; gain = 0.000
Netlist sorting complete. Time (s): cpu = 00:00:00 ; elapsed = 00:00:00.002 . Memory (MB): peak = 1603.191 ; gain = 0.000

Phase 1.2 IO Placement/ Clock Placement/ Build Placer Device
Phase 1.2 IO Placement/ Clock Placement/ Build Placer Device | Checksum: 7116e296

Time (s): cpu = 00:00:01 ; elapsed = 00:00:00.505 . Memory (MB): peak = 1603.191 ; gain = 0.000

Phase 1.3 Build Placer Netlist Model
Phase 1.3 Build Placer Netlist Model | Checksum: e050d870

Time (s): cpu = 00:00:01 ; elapsed = 00:00:00.777 . Memory (MB): peak = 1605.844 ; gain = 2.652

Phase 1.4 Constrain Clocks/Macros
Phase 1.4 Constrain Clocks/Macros | Checksum: e050d870

Time (s): cpu = 00:00:01 ; elapsed = 00:00:00.780 . Memory (MB): peak = 1605.844 ; gain = 2.652
Phase 1 Placer Initialization | Checksum: e050d870

Time (s): cpu = 00:00:01 ; elapsed = 00:00:00.787 . Memory (MB): peak = 1605.844 ; gain = 2.652

Phase 2 Global Placement

Phase 2.1 Floorplanning
Phase 2.1 Floorplanning | Checksum: 115fe5c1c

Time (s): cpu = 00:00:01 ; elapsed = 00:00:00.874 . Memory (MB): peak = 1605.844 ; gain = 2.652

Phase 2.2 Global Placement Core

Phase 2.2.1 Physical Synthesis In Placer
INFO: [Physopt 32-1035] Found 0 LUTNM shape to break, 37 LUT instances to create LUTNM shape
INFO: [Physopt 32-1044] Break lutnm for timing: one critical 0, two critical 0, total 0, new lutff created 0
INFO: [Physopt 32-775] End 1 Pass. Optimized 17 nets or cells. Created 0 new cell, deleted 17 existing cells and moved 0 existing cell
INFO: [Physopt 32-65] No nets found for high-fanout optimization.
INFO: [Physopt 32-232] Optimized 0 net. Created 0 new instance.
INFO: [Physopt 32-775] End 1 Pass. Optimized 0 net or cell. Created 0 new cell, deleted 0 existing cell and moved 0 existing cell
INFO: [Physopt 32-670] No setup violation found.  DSP Register Optimization was not performed.
INFO: [Physopt 32-670] No setup violation found.  Shift Register to Pipeline Optimization was not performed.
INFO: [Physopt 32-670] No setup violation found.  Shift Register Optimization was not performed.
INFO: [Physopt 32-670] No setup violation found.  BRAM Register Optimization was not performed.
INFO: [Physopt 32-670] No setup violation found.  URAM Register Optimization was not performed.
INFO: [Physopt 32-949] No candidate nets found for HD net replication
INFO: [Physopt 32-775] End 1 Pass. Optimized 0 net or cell. Created 0 new cell, deleted 0 existing cell and moved 0 existing cell
Netlist sorting complete. Time (s): cpu = 00:00:00 ; elapsed = 00:00:00.001 . Memory (MB): peak = 1605.844 ; gain = 0.000

Summary of Physical Synthesis Optimizations
============================================


-----------------------------------------------------------------------------------------------------------------------------------------------------------
|  Optimization                                     |  Added Cells  |  Removed Cells  |  Optimized Cells/Nets  |  Dont Touch  |  Iterations  |  Elapsed   |
-----------------------------------------------------------------------------------------------------------------------------------------------------------
|  LUT Combining                                    |            0  |             17  |                    17  |           0  |           1  |  00:00:00  |
|  Very High Fanout                                 |            0  |              0  |                     0  |           0  |           1  |  00:00:00  |
|  DSP Register                                     |            0  |              0  |                     0  |           0  |           0  |  00:00:00  |
|  Shift Register to Pipeline                       |            0  |              0  |                     0  |           0  |           0  |  00:00:00  |
|  Shift Register                                   |            0  |              0  |                     0  |           0  |           0  |  00:00:00  |
|  BRAM Register                                    |            0  |              0  |                     0  |           0  |           0  |  00:00:00  |
|  URAM Register                                    |            0  |              0  |                     0  |           0  |           0  |  00:00:00  |
|  Dynamic/Static Region Interface Net Replication  |            0  |              0  |                     0  |           0  |           1  |  00:00:00  |
|  Total                                            |            0  |             17  |                    17  |           0  |           3  |  00:00:00  |
-----------------------------------------------------------------------------------------------------------------------------------------------------------


Phase 2.2.1 Physical Synthesis In Placer | Checksum: 114e5b769

Time (s): cpu = 00:00:02 ; elapsed = 00:00:02 . Memory (MB): peak = 1605.844 ; gain = 2.652
Phase 2.2 Global Placement Core | Checksum: 18795ba46

Time (s): cpu = 00:00:02 ; elapsed = 00:00:02 . Memory (MB): peak = 1605.844 ; gain = 2.652
Phase 2 Global Placement | Checksum: 18795ba46

Time (s): cpu = 00:00:02 ; elapsed = 00:00:02 . Memory (MB): peak = 1605.844 ; gain = 2.652

Phase 3 Detail Placement

Phase 3.1 Commit Multi Column Macros
Phase 3.1 Commit Multi Column Macros | Checksum: 17b8dfb7b

Time (s): cpu = 00:00:02 ; elapsed = 00:00:02 . Memory (MB): peak = 1605.844 ; gain = 2.652

Phase 3.2 Commit Most Macros & LUTRAMs
Phase 3.2 Commit Most Macros & LUTRAMs | Checksum: 2188a4e42

Time (s): cpu = 00:00:02 ; elapsed = 00:00:02 . Memory (MB): peak = 1605.844 ; gain = 2.652

Phase 3.3 Area Swap Optimization
Phase 3.3 Area Swap Optimization | Checksum: 1be4447ea

Time (s): cpu = 00:00:02 ; elapsed = 00:00:02 . Memory (MB): peak = 1605.844 ; gain = 2.652

Phase 3.4 Pipeline Register Optimization
Phase 3.4 Pipeline Register Optimization | Checksum: 25a637f74

Time (s): cpu = 00:00:02 ; elapsed = 00:00:02 . Memory (MB): peak = 1605.844 ; gain = 2.652

Phase 3.5 Small Shape Detail Placement
Phase 3.5 Small Shape Detail Placement | Checksum: 123f27dcb

Time (s): cpu = 00:00:03 ; elapsed = 00:00:03 . Memory (MB): peak = 1605.844 ; gain = 2.652

Phase 3.6 Re-assign LUT pins
Phase 3.6 Re-assign LUT pins | Checksum: f9cd5c1d

Time (s): cpu = 00:00:03 ; elapsed = 00:00:03 . Memory (MB): peak = 1605.844 ; gain = 2.652

Phase 3.7 Pipeline Register Optimization
Phase 3.7 Pipeline Register Optimization | Checksum: 185ec1497

Time (s): cpu = 00:00:03 ; elapsed = 00:00:03 . Memory (MB): peak = 1605.844 ; gain = 2.652
Phase 3 Detail Placement | Checksum: 185ec1497

Time (s): cpu = 00:00:03 ; elapsed = 00:00:03 . Memory (MB): peak = 1605.844 ; gain = 2.652

Phase 4 Post Placement Optimization and Clean-Up

Phase 4.1 Post Commit Optimization
INFO: [Place 46-20] Placer is running with the ExtraNetDelay_high directive. Post Placement Optimization may take longer to complete with ExtraNetDelay_high compared to other directives.
INFO: [Timing 38-35] Done setting XDC timing constraints.

Phase 4.1.1 Post Placement Optimization
Post Placement Optimization Initialization | Checksum: 1d7900f9a

Phase 4.1.1.1 BUFG Insertion

Starting Physical Synthesis Task

Phase 1 Physical Synthesis Initialization
INFO: [Physopt 32-721] Multithreading enabled for phys_opt_design using a maximum of 2 CPUs
INFO: [Physopt 32-619] Estimated Timing Summary | WNS=1.282 | TNS=0.000 |
Phase 1 Physical Synthesis Initialization | Checksum: 2b5123bbd

Time (s): cpu = 00:00:00 ; elapsed = 00:00:00.074 . Memory (MB): peak = 1605.867 ; gain = 0.000
INFO: [Place 46-56] BUFG insertion identified 0 candidate nets. Inserted BUFG: 0, Replicated BUFG Driver: 0, Skipped due to Placement/Routing Conflicts: 0, Skipped due to Timing Degradation: 0, Skipped due to Illegal Netlist: 0.
Ending Physical Synthesis Task | Checksum: 1c8e86279

Time (s): cpu = 00:00:00 ; elapsed = 00:00:00.078 . Memory (MB): peak = 1605.867 ; gain = 0.000
Phase 4.1.1.1 BUFG Insertion | Checksum: 1d7900f9a

Time (s): cpu = 00:00:03 ; elapsed = 00:00:03 . Memory (MB): peak = 1605.867 ; gain = 2.676
INFO: [Place 30-746] Post Placement Timing Summary WNS=1.282. For the most accurate timing information please run report_timing.
Phase 4.1.1 Post Placement Optimization | Checksum: 190c790b7

Time (s): cpu = 00:00:03 ; elapsed = 00:00:03 . Memory (MB): peak = 1605.867 ; gain = 2.676
Phase 4.1 Post Commit Optimization | Checksum: 190c790b7

Time (s): cpu = 00:00:03 ; elapsed = 00:00:03 . Memory (MB): peak = 1605.867 ; gain = 2.676

Phase 4.2 Post Placement Cleanup
Phase 4.2 Post Placement Cleanup | Checksum: 190c790b7

Time (s): cpu = 00:00:03 ; elapsed = 00:00:03 . Memory (MB): peak = 1605.867 ; gain = 2.676

Phase 4.3 Placer Reporting
Phase 4.3 Placer Reporting | Checksum: 190c790b7

Time (s): cpu = 00:00:03 ; elapsed = 00:00:03 . Memory (MB): peak = 1605.867 ; gain = 2.676

Phase 4.4 Final Placement Cleanup
Netlist sorting complete. Time (s): cpu = 00:00:00 ; elapsed = 00:00:00.001 . Memory (MB): peak = 1605.867 ; gain = 0.000
Phase 4.4 Final Placement Cleanup | Checksum: a959fc80

Time (s): cpu = 00:00:03 ; elapsed = 00:00:03 . Memory (MB): peak = 1605.867 ; gain = 2.676
Phase 4 Post Placement Optimization and Clean-Up | Checksum: a959fc80

Time (s): cpu = 00:00:03 ; elapsed = 00:00:03 . Memory (MB): peak = 1605.867 ; gain = 2.676
Ending Placer Task | Checksum: 02a1932a

Time (s): cpu = 00:00:03 ; elapsed = 00:00:03 . Memory (MB): peak = 1605.867 ; gain = 2.676
INFO: [Common 17-83] Releasing license: Implementation
84 Infos, 78 Warnings, 31 Critical Warnings and 0 Errors encountered.
place_design completed successfully
INFO: [Timing 38-480] Writing timing data to binary archive.
Writing placer database...
Writing XDEF routing.
Writing XDEF routing logical nets.
Writing XDEF routing special nets.
Write XDEF Complete: Time (s): cpu = 00:00:01 ; elapsed = 00:00:00.183 . Memory (MB): peak = 1614.848 ; gain = 8.980
INFO: [Common 17-1381] The checkpoint 'C:/Users/rinu2/Documents/kichi@git/verilog-learning/prj/transmitter/transmitter.runs/impl_1/system_wrapper_placed.dcp' has been generated.
INFO: [runtcl-4] Executing : report_io -file system_wrapper_io_placed.rpt
report_io: Time (s): cpu = 00:00:00 ; elapsed = 00:00:00.061 . Memory (MB): peak = 1614.848 ; gain = 0.000
INFO: [runtcl-4] Executing : report_utilization -file system_wrapper_utilization_placed.rpt -pb system_wrapper_utilization_placed.pb
INFO: [runtcl-4] Executing : report_control_sets -verbose -file system_wrapper_control_sets_placed.rpt
report_control_sets: Time (s): cpu = 00:00:00 ; elapsed = 00:00:00.005 . Memory (MB): peak = 1614.848 ; gain = 0.000
Command: phys_opt_design -directive AggressiveExplore
Attempting to get a license for feature 'Implementation' and/or device 'xc7z010'
INFO: [Common 17-349] Got license for feature 'Implementation' and/or device 'xc7z010'
INFO: [Vivado_Tcl 4-137] Directive used for phys_opt_design is: AggressiveExplore
INFO: [Vivado_Tcl 4-383] Design worst setup slack (WNS) is greater than or equal to 0.000 ns. Skipping all physical synthesis optimizations.
Netlist sorting complete. Time (s): cpu = 00:00:00 ; elapsed = 00:00:00.002 . Memory (MB): peak = 1622.324 ; gain = 0.000

Starting Physical Synthesis Task

Phase 1 Physical Synthesis Initialization
INFO: [Physopt 32-721] Multithreading enabled for phys_opt_design using a maximum of 2 CPUs
INFO: [Physopt 32-619] Estimated Timing Summary | WNS=1.282 | TNS=0.000 |
Phase 1 Physical Synthesis Initialization | Checksum: 19c49fc2e

Time (s): cpu = 00:00:01 ; elapsed = 00:00:00.404 . Memory (MB): peak = 1622.332 ; gain = 0.008

Phase 2 Hold Fix Optimization
INFO: [Physopt 32-668] Estimated Timing Summary | WNS=1.282 | TNS=0.000 | WHS=-1.160 | THS=-24.748 |
INFO: [Physopt 32-45] Identified 54 candidate nets for hold slack optimization.
INFO: [Physopt 32-234] Optimized 28 nets. Inserted 0 new ZHOLD_DELAYs. Calibrated 0 existing ZHOLD_DELAYs. Inserted 28 buffers.

INFO: [Physopt 32-668] Estimated Timing Summary | WNS=1.282 | TNS=0.000 | WHS=-0.117 | THS=-0.184 |
Phase 2 Hold Fix Optimization | Checksum: 19c49fc2e

Time (s): cpu = 00:00:01 ; elapsed = 00:00:00.548 . Memory (MB): peak = 1622.332 ; gain = 0.008
Netlist sorting complete. Time (s): cpu = 00:00:00 ; elapsed = 00:00:00.015 . Memory (MB): peak = 1622.332 ; gain = 0.000
INFO: [Physopt 32-669] Post Physical Optimization Timing Summary | WNS=1.282 | TNS=0.000 | WHS=-0.117 | THS=-0.184 |

Summary of Physical Synthesis Optimizations
============================================


----------------------------------------------------------------------------------------------------------------------------------------------------------------------
|  Optimization            |  WNS Gain (ns)  |  TNS Gain (ns)  |  Added Cells  |  Removed Cells  |  Optimized Cells/Nets  |  Dont Touch  |  Iterations  |  Elapsed   |
----------------------------------------------------------------------------------------------------------------------------------------------------------------------
|  Fanout                  |          0.000  |          0.000  |            0  |              0  |                     0  |           0  |           0  |  00:00:00  |
|  Single Cell Placement   |          0.000  |          0.000  |            0  |              0  |                     0  |           0  |           0  |  00:00:00  |
|  Multi Cell Placement    |          0.000  |          0.000  |            0  |              0  |                     0  |           0  |           0  |  00:00:00  |
|  Rewire                  |          0.000  |          0.000  |            0  |              0  |                     0  |           0  |           0  |  00:00:00  |
|  Critical Cell           |          0.000  |          0.000  |            0  |              0  |                     0  |           0  |           0  |  00:00:00  |
|  SLR Crossing            |          0.000  |          0.000  |            0  |              0  |                     0  |           0  |           0  |  00:00:00  |
|  DSP Register            |          0.000  |          0.000  |            0  |              0  |                     0  |           0  |           0  |  00:00:00  |
|  BRAM Register           |          0.000  |          0.000  |            0  |              0  |                     0  |           0  |           0  |  00:00:00  |
|  URAM Register           |          0.000  |          0.000  |            0  |              0  |                     0  |           0  |           0  |  00:00:00  |
|  Shift Register          |          0.000  |          0.000  |            0  |              0  |                     0  |           0  |           0  |  00:00:00  |
|  Critical Pin            |          0.000  |          0.000  |            0  |              0  |                     0  |           0  |           0  |  00:00:00  |
|  Very High Fanout        |          0.000  |          0.000  |            0  |              0  |                     0  |           0  |           0  |  00:00:00  |
|  Total                   |          0.000  |          0.000  |            0  |              0  |                     0  |           0  |           0  |  00:00:00  |
----------------------------------------------------------------------------------------------------------------------------------------------------------------------


Summary of Hold Fix Optimizations
=================================


--------------------------------------------------------------------------------------------------------------------------------------------------------------
|  Optimization               |  WHS Gain (ns)  |  THS Gain (ns)  |  Added LUTs  |  Added FFs  |  Optimized Nets  |  Dont Touch  |  Iterations  |  Elapsed   |
--------------------------------------------------------------------------------------------------------------------------------------------------------------
|  LUT1 and ZHOLD Insertion   |          1.044  |         24.564  |          28  |          0  |              28  |           0  |           1  |  00:00:00  |
|  Total                      |          1.044  |         24.564  |          28  |          0  |              28  |           0  |           1  |  00:00:00  |
--------------------------------------------------------------------------------------------------------------------------------------------------------------


Netlist sorting complete. Time (s): cpu = 00:00:00 ; elapsed = 00:00:00.001 . Memory (MB): peak = 1622.332 ; gain = 0.000
Ending Physical Synthesis Task | Checksum: 23b41ee50

Time (s): cpu = 00:00:01 ; elapsed = 00:00:00.570 . Memory (MB): peak = 1622.332 ; gain = 0.008
INFO: [Common 17-83] Releasing license: Implementation
100 Infos, 78 Warnings, 31 Critical Warnings and 0 Errors encountered.
phys_opt_design completed successfully
INFO: [Timing 38-480] Writing timing data to binary archive.
Writing placer database...
Writing XDEF routing.
Writing XDEF routing logical nets.
Writing XDEF routing special nets.
Write XDEF Complete: Time (s): cpu = 00:00:01 ; elapsed = 00:00:00.185 . Memory (MB): peak = 1649.191 ; gain = 26.859
INFO: [Common 17-1381] The checkpoint 'C:/Users/rinu2/Documents/kichi@git/verilog-learning/prj/transmitter/transmitter.runs/impl_1/system_wrapper_physopt.dcp' has been generated.
Command: route_design -directive NoTimingRelaxation
Attempting to get a license for feature 'Implementation' and/or device 'xc7z010'
INFO: [Common 17-349] Got license for feature 'Implementation' and/or device 'xc7z010'
INFO: [DRC 23-27] Running DRC with 2 threads
INFO: [Vivado_Tcl 4-198] DRC finished with 0 Errors
INFO: [Vivado_Tcl 4-199] Please refer to the DRC report (report_drc) for more information.
Running DRC as a precondition to command route_design
INFO: [DRC 23-27] Running DRC with 2 threads
INFO: [Vivado_Tcl 4-198] DRC finished with 0 Errors
INFO: [Vivado_Tcl 4-199] Please refer to the DRC report (report_drc) for more information.


Starting Routing Task
INFO: [Route 35-270] Using Router directive 'NoTimingRelaxation'.
INFO: [Route 35-254] Multithreading enabled for route_design using a maximum of 2 CPUs
Checksum: PlaceDB: 735a4782 ConstDB: 0 ShapeSum: ca479b6a RouteDB: 0

Phase 1 Build RT Design
Phase 1 Build RT Design | Checksum: f9c4f2b6

Time (s): cpu = 00:00:09 ; elapsed = 00:00:07 . Memory (MB): peak = 1695.480 ; gain = 41.219
Post Restoration Checksum: NetGraph: 3c5a8c6b NumContArr: bd6a664b Constraints: 0 Timing: 0

Phase 2 Router Initialization

Phase 2.1 Create Timer
Phase 2.1 Create Timer | Checksum: f9c4f2b6

Time (s): cpu = 00:00:09 ; elapsed = 00:00:07 . Memory (MB): peak = 1695.480 ; gain = 41.219

Phase 2.2 Fix Topology Constraints
Phase 2.2 Fix Topology Constraints | Checksum: f9c4f2b6

Time (s): cpu = 00:00:09 ; elapsed = 00:00:07 . Memory (MB): peak = 1701.527 ; gain = 47.266

Phase 2.3 Pre Route Cleanup
Phase 2.3 Pre Route Cleanup | Checksum: f9c4f2b6

Time (s): cpu = 00:00:09 ; elapsed = 00:00:07 . Memory (MB): peak = 1701.527 ; gain = 47.266
 Number of Nodes with overlaps = 0

Phase 2.4 Update Timing
Phase 2.4 Update Timing | Checksum: 22124e042

Time (s): cpu = 00:00:10 ; elapsed = 00:00:08 . Memory (MB): peak = 1708.598 ; gain = 54.336
INFO: [Route 35-416] Intermediate Timing Summary | WNS=0.760  | TNS=0.000  | WHS=-0.188 | THS=-33.470|

Phase 2 Router Initialization | Checksum: 1ab3f42ef

Time (s): cpu = 00:00:10 ; elapsed = 00:00:08 . Memory (MB): peak = 1708.598 ; gain = 54.336

Router Utilization Summary
  Global Vertical Routing Utilization    = 0 %
  Global Horizontal Routing Utilization  = 0 %
  Routable Net Status*
  *Does not include unroutable nets such as driverless and loadless.
  Run report_route_status for detailed report.
  Number of Failed Nets               = 2099
    (Failed Nets is the sum of unrouted and partially routed nets)
  Number of Unrouted Nets             = 2099
  Number of Partially Routed Nets     = 0
  Number of Node Overlaps             = 0


Phase 3 Initial Routing
Phase 3 Initial Routing | Checksum: ba0a3fd8

Time (s): cpu = 00:00:10 ; elapsed = 00:00:08 . Memory (MB): peak = 1709.371 ; gain = 55.109

Phase 4 Rip-up And Reroute

Phase 4.1 Global Iteration 0
 Number of Nodes with overlaps = 174
 Number of Nodes with overlaps = 35
 Number of Nodes with overlaps = 8
 Number of Nodes with overlaps = 3
 Number of Nodes with overlaps = 1
 Number of Nodes with overlaps = 1
 Number of Nodes with overlaps = 1
 Number of Nodes with overlaps = 0
INFO: [Route 35-416] Intermediate Timing Summary | WNS=0.725  | TNS=0.000  | WHS=N/A    | THS=N/A    |

Phase 4.1 Global Iteration 0 | Checksum: db32f873

Time (s): cpu = 00:00:10 ; elapsed = 00:00:09 . Memory (MB): peak = 1709.379 ; gain = 55.117
Phase 4 Rip-up And Reroute | Checksum: db32f873

Time (s): cpu = 00:00:10 ; elapsed = 00:00:09 . Memory (MB): peak = 1709.379 ; gain = 55.117

Phase 5 Delay and Skew Optimization

Phase 5.1 Delay CleanUp

Phase 5.1.1 Update Timing
Phase 5.1.1 Update Timing | Checksum: aedfa7de

Time (s): cpu = 00:00:10 ; elapsed = 00:00:09 . Memory (MB): peak = 1709.379 ; gain = 55.117
INFO: [Route 35-416] Intermediate Timing Summary | WNS=0.840  | TNS=0.000  | WHS=N/A    | THS=N/A    |

Phase 5.1 Delay CleanUp | Checksum: aedfa7de

Time (s): cpu = 00:00:10 ; elapsed = 00:00:09 . Memory (MB): peak = 1709.379 ; gain = 55.117

Phase 5.2 Clock Skew Optimization
Phase 5.2 Clock Skew Optimization | Checksum: aedfa7de

Time (s): cpu = 00:00:10 ; elapsed = 00:00:09 . Memory (MB): peak = 1709.379 ; gain = 55.117
Phase 5 Delay and Skew Optimization | Checksum: aedfa7de

Time (s): cpu = 00:00:10 ; elapsed = 00:00:09 . Memory (MB): peak = 1709.379 ; gain = 55.117

Phase 6 Post Hold Fix

Phase 6.1 Hold Fix Iter

Phase 6.1.1 Update Timing
Phase 6.1.1 Update Timing | Checksum: 10b847372

Time (s): cpu = 00:00:10 ; elapsed = 00:00:09 . Memory (MB): peak = 1709.379 ; gain = 55.117
INFO: [Route 35-416] Intermediate Timing Summary | WNS=0.840  | TNS=0.000  | WHS=0.010  | THS=0.000  |

Phase 6.1 Hold Fix Iter | Checksum: 12298c027

Time (s): cpu = 00:00:10 ; elapsed = 00:00:09 . Memory (MB): peak = 1709.379 ; gain = 55.117
Phase 6 Post Hold Fix | Checksum: 12298c027

Time (s): cpu = 00:00:10 ; elapsed = 00:00:09 . Memory (MB): peak = 1709.379 ; gain = 55.117

Phase 7 Route finalize

Router Utilization Summary
  Global Vertical Routing Utilization    = 0.814048 %
  Global Horizontal Routing Utilization  = 1.25253 %
  Routable Net Status*
  *Does not include unroutable nets such as driverless and loadless.
  Run report_route_status for detailed report.
  Number of Failed Nets               = 0
    (Failed Nets is the sum of unrouted and partially routed nets)
  Number of Unrouted Nets             = 0
  Number of Partially Routed Nets     = 0
  Number of Node Overlaps             = 0

Phase 7 Route finalize | Checksum: 9e518675

Time (s): cpu = 00:00:10 ; elapsed = 00:00:09 . Memory (MB): peak = 1709.379 ; gain = 55.117

Phase 8 Verifying routed nets

 Verification completed successfully
Phase 8 Verifying routed nets | Checksum: 9e518675

Time (s): cpu = 00:00:10 ; elapsed = 00:00:09 . Memory (MB): peak = 1711.430 ; gain = 57.168

Phase 9 Depositing Routes
Phase 9 Depositing Routes | Checksum: ef963125

Time (s): cpu = 00:00:10 ; elapsed = 00:00:09 . Memory (MB): peak = 1711.430 ; gain = 57.168

Phase 10 Post Router Timing
INFO: [Route 35-20] Post Routing Timing Summary | WNS=0.839  | TNS=0.000  | WHS=0.010  | THS=0.000  |

INFO: [Route 35-61] The design met the timing requirement.
Phase 10 Post Router Timing | Checksum: 1303b88c4

Time (s): cpu = 00:00:11 ; elapsed = 00:00:10 . Memory (MB): peak = 1711.430 ; gain = 57.168
INFO: [Route 35-16] Router Completed Successfully

Time (s): cpu = 00:00:11 ; elapsed = 00:00:10 . Memory (MB): peak = 1711.430 ; gain = 57.168

Routing Is Done.
INFO: [Common 17-83] Releasing license: Implementation
119 Infos, 78 Warnings, 31 Critical Warnings and 0 Errors encountered.
route_design completed successfully
route_design: Time (s): cpu = 00:00:12 ; elapsed = 00:00:11 . Memory (MB): peak = 1711.430 ; gain = 62.238
INFO: [Timing 38-480] Writing timing data to binary archive.
Writing placer database...
Writing XDEF routing.
Writing XDEF routing logical nets.
Writing XDEF routing special nets.
Write XDEF Complete: Time (s): cpu = 00:00:00 ; elapsed = 00:00:00.231 . Memory (MB): peak = 1727.078 ; gain = 15.648
INFO: [Common 17-1381] The checkpoint 'C:/Users/rinu2/Documents/kichi@git/verilog-learning/prj/transmitter/transmitter.runs/impl_1/system_wrapper_routed.dcp' has been generated.
INFO: [runtcl-4] Executing : report_drc -file system_wrapper_drc_routed.rpt -pb system_wrapper_drc_routed.pb -rpx system_wrapper_drc_routed.rpx
Command: report_drc -file system_wrapper_drc_routed.rpt -pb system_wrapper_drc_routed.pb -rpx system_wrapper_drc_routed.rpx
INFO: [IP_Flow 19-1839] IP Catalog is up to date.
INFO: [DRC 23-27] Running DRC with 2 threads
INFO: [Coretcl 2-168] The results of DRC are in file C:/Users/rinu2/Documents/kichi@git/verilog-learning/prj/transmitter/transmitter.runs/impl_1/system_wrapper_drc_routed.rpt.
report_drc completed successfully
INFO: [runtcl-4] Executing : report_methodology -file system_wrapper_methodology_drc_routed.rpt -pb system_wrapper_methodology_drc_routed.pb -rpx system_wrapper_methodology_drc_routed.rpx
Command: report_methodology -file system_wrapper_methodology_drc_routed.rpt -pb system_wrapper_methodology_drc_routed.pb -rpx system_wrapper_methodology_drc_routed.rpx
INFO: [Timing 38-35] Done setting XDC timing constraints.
INFO: [DRC 23-133] Running Methodology with 2 threads
INFO: [Coretcl 2-1520] The results of Report Methodology are in file C:/Users/rinu2/Documents/kichi@git/verilog-learning/prj/transmitter/transmitter.runs/impl_1/system_wrapper_methodology_drc_routed.rpt.
report_methodology completed successfully
INFO: [runtcl-4] Executing : report_power -file system_wrapper_power_routed.rpt -pb system_wrapper_power_summary_routed.pb -rpx system_wrapper_power_routed.rpx
Command: report_power -file system_wrapper_power_routed.rpt -pb system_wrapper_power_summary_routed.pb -rpx system_wrapper_power_routed.rpx
INFO: [Timing 38-35] Done setting XDC timing constraints.
Running Vector-less Activity Propagation...

Finished Running Vector-less Activity Propagation
131 Infos, 78 Warnings, 31 Critical Warnings and 0 Errors encountered.
report_power completed successfully
INFO: [runtcl-4] Executing : report_route_status -file system_wrapper_route_status.rpt -pb system_wrapper_route_status.pb
INFO: [runtcl-4] Executing : report_timing_summary -max_paths 10 -file system_wrapper_timing_summary_routed.rpt -pb system_wrapper_timing_summary_routed.pb -rpx system_wrapper_timing_summary_routed.rpx -warn_on_violation 
INFO: [Timing 38-91] UpdateTimingParams: Speed grade: -1, Delay Type: min_max.
INFO: [Timing 38-191] Multithreading enabled for timing update using a maximum of 2 CPUs
INFO: [runtcl-4] Executing : report_incremental_reuse -file system_wrapper_incremental_reuse_routed.rpt
INFO: [Vivado_Tcl 4-1062] Incremental flow is disabled. No incremental reuse Info to report.
INFO: [runtcl-4] Executing : report_clock_utilization -file system_wrapper_clock_utilization_routed.rpt
INFO: [runtcl-4] Executing : report_bus_skew -warn_on_violation -file system_wrapper_bus_skew_routed.rpt -pb system_wrapper_bus_skew_routed.pb -rpx system_wrapper_bus_skew_routed.rpx
INFO: [Timing 38-91] UpdateTimingParams: Speed grade: -1, Delay Type: min_max.
INFO: [Timing 38-191] Multithreading enabled for timing update using a maximum of 2 CPUs
Command: write_bitstream -force system_wrapper.bit
Attempting to get a license for feature 'Implementation' and/or device 'xc7z010'
INFO: [Common 17-349] Got license for feature 'Implementation' and/or device 'xc7z010'
Running DRC as a precondition to command write_bitstream
INFO: [IP_Flow 19-1839] IP Catalog is up to date.
INFO: [DRC 23-27] Running DRC with 2 threads
INFO: [Vivado 12-3199] DRC finished with 0 Errors
INFO: [Vivado 12-3200] Please refer to the DRC report (report_drc) for more information.
INFO: [Designutils 20-2272] Running write_bitstream with 2 threads.
Loading data files...
Loading site data...
Loading route data...
Processing options...
Creating bitmap...
Creating bitstream...
Writing bitstream ./system_wrapper.bit...
INFO: [Vivado 12-1842] Bitgen Completed Successfully.
INFO: [Project 1-120] WebTalk data collection is mandatory when using a WebPACK part without a full Vivado license. To see the specific WebTalk data collected for your design, open the usage_statistics_webtalk.html or usage_statistics_webtalk.xml file in the implementation directory.
INFO: [Common 17-83] Releasing license: Implementation
150 Infos, 78 Warnings, 31 Critical Warnings and 0 Errors encountered.
write_bitstream completed successfully
write_bitstream: Time (s): cpu = 00:00:09 ; elapsed = 00:00:10 . Memory (MB): peak = 2093.867 ; gain = 357.625
INFO: [Common 17-206] Exiting Vivado at Mon Dec 25 22:36:00 2023...
