Copyright 1986-2020 Xilinx, Inc. All Rights Reserved.
----------------------------------------------------------------------------------------------------------------------------------------------------------------
| Tool Version     : Vivado v.2020.1 (win64) Build 2902540 Wed May 27 19:54:49 MDT 2020
| Date             : Tue Aug 22 09:44:25 2023
| Host             : SU running 64-bit major release  (build 9200)
| Command          : report_power -file system_wrapper_power_routed.rpt -pb system_wrapper_power_summary_routed.pb -rpx system_wrapper_power_routed.rpx
| Design           : system_wrapper
| Device           : xc7z010clg400-1
| Design State     : routed
| Grade            : commercial
| Process          : typical
| Characterization : Production
----------------------------------------------------------------------------------------------------------------------------------------------------------------

Power Report

Table of Contents
-----------------
1. Summary
1.1 On-Chip Components
1.2 Power Supply Summary
1.3 Confidence Level
2. Settings
2.1 Environment
2.2 Clock Constraints
3. Detailed Reports
3.1 By Hierarchy

1. Summary
----------

+--------------------------+--------------+
| Total On-Chip Power (W)  | 1.665        |
| Design Power Budget (W)  | Unspecified* |
| Power Budget Margin (W)  | NA           |
| Dynamic (W)              | 1.538        |
| Device Static (W)        | 0.127        |
| Effective TJA (C/W)      | 11.5         |
| Max Ambient (C)          | 65.8         |
| Junction Temperature (C) | 44.2         |
| Confidence Level         | Low          |
| Setting File             | ---          |
| Simulation Activity File | ---          |
| Design Nets Matched      | NA           |
+--------------------------+--------------+
* Specify Design Power Budget using, set_operating_conditions -design_power_budget <value in Watts>


1.1 On-Chip Components
----------------------

+-------------------------+-----------+----------+-----------+-----------------+
| On-Chip                 | Power (W) | Used     | Available | Utilization (%) |
+-------------------------+-----------+----------+-----------+-----------------+
| Clocks                  |     0.025 |        8 |       --- |             --- |
| Slice Logic             |     0.007 |     8461 |       --- |             --- |
|   LUT as Logic          |     0.006 |     3063 |     17600 |           17.40 |
|   Register              |    <0.001 |     3904 |     35200 |           11.09 |
|   CARRY4                |    <0.001 |      195 |      4400 |            4.43 |
|   LUT as Shift Register |    <0.001 |      107 |      6000 |            1.78 |
|   Others                |     0.000 |      734 |       --- |             --- |
| Signals                 |     0.010 |     6863 |       --- |             --- |
| Block RAM               |     0.000 |       13 |        60 |           21.67 |
| MMCM                    |     0.107 |        1 |         2 |           50.00 |
| DSPs                    |     0.004 |        8 |        80 |           10.00 |
| I/O                     |     0.103 |       71 |       100 |           71.00 |
| PS7                     |     1.282 |        1 |       --- |             --- |
| Static Power            |     0.127 |          |           |                 |
| Total                   |     1.665 |          |           |                 |
+-------------------------+-----------+----------+-----------+-----------------+


1.2 Power Supply Summary
------------------------

+-----------+-------------+-----------+-------------+------------+-------------+-------------+------------+
| Source    | Voltage (V) | Total (A) | Dynamic (A) | Static (A) | Powerup (A) | Budget (A)  | Margin (A) |
+-----------+-------------+-----------+-------------+------------+-------------+-------------+------------+
| Vccint    |       1.000 |     0.057 |       0.050 |      0.007 |       NA    | Unspecified | NA         |
| Vccaux    |       1.800 |     0.073 |       0.065 |      0.008 |       NA    | Unspecified | NA         |
| Vcco33    |       3.300 |     0.022 |       0.021 |      0.001 |       NA    | Unspecified | NA         |
| Vcco25    |       2.500 |     0.000 |       0.000 |      0.000 |       NA    | Unspecified | NA         |
| Vcco18    |       1.800 |     0.013 |       0.012 |      0.001 |       NA    | Unspecified | NA         |
| Vcco15    |       1.500 |     0.000 |       0.000 |      0.000 |       NA    | Unspecified | NA         |
| Vcco135   |       1.350 |     0.000 |       0.000 |      0.000 |       NA    | Unspecified | NA         |
| Vcco12    |       1.200 |     0.000 |       0.000 |      0.000 |       NA    | Unspecified | NA         |
| Vccaux_io |       1.800 |     0.000 |       0.000 |      0.000 |       NA    | Unspecified | NA         |
| Vccbram   |       1.000 |     0.001 |       0.000 |      0.001 |       NA    | Unspecified | NA         |
| MGTAVcc   |       1.000 |     0.000 |       0.000 |      0.000 |       NA    | Unspecified | NA         |
| MGTAVtt   |       1.200 |     0.000 |       0.000 |      0.000 |       NA    | Unspecified | NA         |
| MGTVccaux |       1.800 |     0.000 |       0.000 |      0.000 |       NA    | Unspecified | NA         |
| Vccpint   |       1.000 |     0.698 |       0.669 |      0.030 |       NA    | Unspecified | NA         |
| Vccpaux   |       1.800 |     0.037 |       0.027 |      0.010 |       NA    | Unspecified | NA         |
| Vccpll    |       1.800 |     0.017 |       0.014 |      0.003 |       NA    | Unspecified | NA         |
| Vcco_ddr  |       1.500 |     0.356 |       0.354 |      0.002 |       NA    | Unspecified | NA         |
| Vcco_mio0 |       3.300 |     0.002 |       0.001 |      0.001 |       NA    | Unspecified | NA         |
| Vcco_mio1 |       2.500 |     0.003 |       0.002 |      0.001 |       NA    | Unspecified | NA         |
| Vccadc    |       1.800 |     0.020 |       0.000 |      0.020 |       NA    | Unspecified | NA         |
+-----------+-------------+-----------+-------------+------------+-------------+-------------+------------+


1.3 Confidence Level
--------------------

+-----------------------------+------------+--------------------------------------------------------+------------------------------------------------------------------------------------------------------------+
| User Input Data             | Confidence | Details                                                | Action                                                                                                     |
+-----------------------------+------------+--------------------------------------------------------+------------------------------------------------------------------------------------------------------------+
| Design implementation state | High       | Design is routed                                       |                                                                                                            |
| Clock nodes activity        | High       | User specified more than 95% of clocks                 |                                                                                                            |
| I/O nodes activity          | Low        | More than 75% of inputs are missing user specification | Provide missing input activity with simulation results or by editing the "By Resource Type -> I/Os" view   |
| Internal nodes activity     | Medium     | User specified less than 25% of internal nodes         | Provide missing internal nodes activity with simulation results or by editing the "By Resource Type" views |
| Device models               | High       | Device models are Production                           |                                                                                                            |
|                             |            |                                                        |                                                                                                            |
| Overall confidence level    | Low        |                                                        |                                                                                                            |
+-----------------------------+------------+--------------------------------------------------------+------------------------------------------------------------------------------------------------------------+


2. Settings
-----------

2.1 Environment
---------------

+-----------------------+------------------------+
| Ambient Temp (C)      | 25.0                   |
| ThetaJA (C/W)         | 11.5                   |
| Airflow (LFM)         | 250                    |
| Heat Sink             | none                   |
| ThetaSA (C/W)         | 0.0                    |
| Board Selection       | medium (10"x10")       |
| # of Board Layers     | 8to11 (8 to 11 Layers) |
| Board Temperature (C) | 25.0                   |
+-----------------------+------------------------+


2.2 Clock Constraints
---------------------

+-----------------------------+---------------------------------------------------------------+-----------------+
| Clock                       | Domain                                                        | Constraint (ns) |
+-----------------------------+---------------------------------------------------------------+-----------------+
| adc_clk                     | adc_clk_p_i                                                   |             8.0 |
| adc_clk                     | system_i/axis_red_pitaya_adc_0/inst/adc_clk                   |             8.0 |
| clk_fpga_0                  | system_i/PS7/processing_system7_0/inst/FCLK_CLK_unbuffered[0] |             8.0 |
| clk_out1_system_clk_wiz_0_0 | system_i/dac/clk_wiz_0/inst/clk_out1_system_clk_wiz_0_0       |             4.0 |
| clkfbout_system_clk_wiz_0_0 | system_i/dac/clk_wiz_0/inst/clkfbout_system_clk_wiz_0_0       |             8.0 |
| rx_clk                      | daisy_p_i[1]                                                  |             4.0 |
+-----------------------------+---------------------------------------------------------------+-----------------+


3. Detailed Reports
-------------------

3.1 By Hierarchy
----------------

+-----------------------------+-----------+
| Name                        | Power (W) |
+-----------------------------+-----------+
| system_wrapper              |     1.538 |
|   system_i                  |     1.467 |
|     Amplifier_11            |     0.006 |
|       floating_point_0      |     0.004 |
|       int_to_float_axi_0    |     0.002 |
|     Amplifier_12            |     0.006 |
|       floating_point_0      |     0.004 |
|       int_to_float_axi_0    |     0.002 |
|     Amplifier_21            |     0.006 |
|       floating_point_0      |     0.004 |
|       int_to_float_axi_0    |     0.002 |
|     Amplifier_22            |     0.006 |
|       floating_point_0      |     0.004 |
|       int_to_float_axi_0    |     0.002 |
|     FIFO_delay_port1        |     0.001 |
|     FIFO_delay_port2        |     0.001 |
|     PS7                     |     1.290 |
|       processing_system7_0  |     1.283 |
|       ps7_0_axi_periph      |     0.006 |
|     axi_gpio_0              |     0.003 |
|       U0                    |     0.003 |
|     axi_gpio_1              |     0.003 |
|       U0                    |     0.003 |
|     axi_gpio_2              |     0.003 |
|       U0                    |     0.003 |
|     axis_red_pitaya_adc_0   |     0.002 |
|       inst                  |     0.002 |
|     dac                     |     0.109 |
|       axis_red_pitaya_dac_0 |     0.002 |
|       clk_wiz_0             |     0.107 |
|     util_ds_buf_2           |     0.030 |
|       U0                    |     0.030 |
+-----------------------------+-----------+


