Copyright 1986-2020 Xilinx, Inc. All Rights Reserved.
------------------------------------------------------------------------------------
| Tool Version : Vivado v.2020.1 (win64) Build 2902540 Wed May 27 19:54:49 MDT 2020
| Date         : Tue Dec 26 10:27:19 2023
| Host         : SU running 64-bit major release  (build 9200)
| Command      : upgrade_ip
| Device       : xc7z010clg400-1
------------------------------------------------------------------------------------

Upgrade Log for IP 'system_axis_red_pitaya_dac_0_0'

1. Summary
----------

SUCCESS in the conversion of system_axis_red_pitaya_dac_0_0 (pavel-demin:user:axis_red_pitaya_dac:1.0 (Rev. 1)) to Vivado generation flows.






Copyright 1986-2020 Xilinx, Inc. All Rights Reserved.
------------------------------------------------------------------------------------
| Tool Version : Vivado v.2020.1 (win64) Build 2902540 Wed May 27 19:54:49 MDT 2020
| Date         : Tue Dec 26 10:27:19 2023
| Host         : SU running 64-bit major release  (build 9200)
| Command      : upgrade_ip
| Device       : xc7z010clg400-1
------------------------------------------------------------------------------------

Upgrade Log for IP 'system_axis_red_pitaya_adc_0_0'

1. Summary
----------

SUCCESS in the conversion of system_axis_red_pitaya_adc_0_0 (pavel-demin:user:axis_red_pitaya_adc:1.0 (Rev. 1)) to Vivado generation flows.

