#-----------------------------------------------------------
# Vivado v2020.1 (64-bit)
# SW Build 2902540 on Wed May 27 19:54:49 MDT 2020
# IP Build 2902112 on Wed May 27 22:43:36 MDT 2020
# Start of session at: Wed Jan  3 08:43:57 2024
# Process ID: 10640
# Current directory: C:/Users/rinu2/Documents/kichi@git/verilog-learning/prj/transmitter
# Command line: vivado.exe -gui_launcher_event rodinguilauncherevent4880 C:\Users\rinu2\Documents\kichi@git\verilog-learning\prj\transmitter\transmitter.xpr
# Log file: C:/Users/rinu2/Documents/kichi@git/verilog-learning/prj/transmitter/vivado.log
# Journal file: C:/Users/rinu2/Documents/kichi@git/verilog-learning/prj/transmitter\vivado.jou
#-----------------------------------------------------------
start_gui
open_project C:/Users/rinu2/Documents/kichi@git/verilog-learning/prj/transmitter/transmitter.xpr
Scanning sources...
Finished scanning sources
INFO: [IP_Flow 19-234] Refreshing IP repositories
INFO: [IP_Flow 19-1700] Loaded user IP repository 'c:/Users/rinu2/Documents/kichi@git/RedPitaya-FPGA/prj/Examples/Frequency_counter/tmp/cores'.
INFO: [IP_Flow 19-2313] Loaded Vivado IP repository 'C:/Xilinx/Vivado/2020.1/data/ip'.
open_project: Time (s): cpu = 00:00:05 ; elapsed = 00:00:09 . Memory (MB): peak = 1027.930 ; gain = 0.000
update_compile_order -fileset sources_1
open_bd_design {C:/Users/rinu2/Documents/kichi@git/verilog-learning/prj/transmitter/transmitter.srcs/sources_1/bd/system/system.bd}
Adding component instance block -- xilinx.com:ip:util_ds_buf:2.1 - util_ds_buf_1
Adding component instance block -- xilinx.com:ip:util_ds_buf:2.1 - util_ds_buf_2
Adding component instance block -- xilinx.com:ip:axi_gpio:2.0 - axi_gpio_0
Adding component instance block -- xilinx.com:ip:proc_sys_reset:5.0 - rst_ps7_0_125M
Adding component instance block -- xilinx.com:ip:axi_interconnect:2.1 - ps7_0_axi_periph
Adding component instance block -- xilinx.com:ip:axi_crossbar:2.1 - xbar
Adding component instance block -- xilinx.com:ip:axi_data_fifo:2.1 - s00_data_fifo
Adding component instance block -- xilinx.com:ip:axi_protocol_converter:2.1 - auto_pc
Adding component instance block -- xilinx.com:ip:processing_system7:5.5 - processing_system7_0
WARNING: [BD 41-176] The physical port 'S_AXI_GP2_rd_socket' specified in the portmap, is not found on the block! 
WARNING: [BD 41-176] The physical port 'S_AXI_GP2_wr_socket' specified in the portmap, is not found on the block! 
WARNING: [BD 41-176] The physical port 'S_AXI_GP3_rd_socket' specified in the portmap, is not found on the block! 
WARNING: [BD 41-176] The physical port 'S_AXI_GP3_wr_socket' specified in the portmap, is not found on the block! 
Adding component instance block -- xilinx.com:module_ref:signal_split:1.0 - signal_split_0
Adding component instance block -- xilinx.com:module_ref:redpitaya_adc:1.0 - redpitaya_adc_0
Adding component instance block -- xilinx.com:module_ref:signal_combine:1.0 - signal_combine_0
Adding component instance block -- xilinx.com:ip:clk_wiz:6.0 - clk_wiz_0
Adding component instance block -- xilinx.com:module_ref:redpitaya_dac:1.0 - redpitaya_dac_0
Adding component instance block -- xilinx.com:ip:axi_gpio:2.0 - axi_gpio_1
Adding component instance block -- xilinx.com:ip:xlconstant:1.1 - xlconstant_0
Adding component instance block -- xilinx.com:ip:c_counter_binary:12.0 - c_counter_binary_0
Adding component instance block -- xilinx.com:ip:xlslice:1.0 - xlslice_0
Adding component instance block -- xilinx.com:module_ref:DIO_combine:1.0 - DIO_combine_0
Adding component instance block -- xilinx.com:module_ref:GPIO_MSB_OUT:1.0 - GPIO_MSB_OUT_0
Adding component instance block -- xilinx.com:module_ref:signal_split:1.0 - signal_split_0
WARNING: [BD 41-1731] Type mismatch between connected pins: /PS7/FCLK_CLK0(clk) and /DIO_combine_0/DIO_PORT0_data(undef)
Successfully read diagram <system> from BD file <C:/Users/rinu2/Documents/kichi@git/verilog-learning/prj/transmitter/transmitter.srcs/sources_1/bd/system/system.bd>
open_bd_design: Time (s): cpu = 00:00:02 ; elapsed = 00:00:05 . Memory (MB): peak = 1547.965 ; gain = 0.547
delete_bd_objs [get_bd_nets GPIO_MSB_OUT_0_GPIO_MSB_DATA_OUT] [get_bd_cells GPIO_MSB_OUT_0]
delete_bd_objs [get_bd_nets axi_gpio_1_gpio2_io_o]
update_compile_order -fileset sources_1
copy_bd_objs /  [get_bd_cells {xlslice_0}]
set_property name xlslice_clk [get_bd_cells xlslice_0]
set_property name xlslice_0 [get_bd_cells xlslice_1]
copy_bd_objs /  [get_bd_cells {xlslice_0}]
copy_bd_objs /  [get_bd_cells {xlslice_0}]
copy_bd_objs /  [get_bd_cells {xlslice_0}]
copy_bd_objs /  [get_bd_cells {xlslice_0}]
delete_bd_objs [get_bd_cells xlslice_4]
set_property location {3 1636 482} [get_bd_cells xlslice_0]
set_property -dict [list CONFIG.DIN_TO {0} CONFIG.DIN_FROM {0} CONFIG.DOUT_WIDTH {1}] [get_bd_cells xlslice_0]
set_property -dict [list CONFIG.DIN_WIDTH {32}] [get_bd_cells xlslice_0]
set_property -dict [list CONFIG.DIN_TO {3} CONFIG.DIN_FROM {3} CONFIG.DIN_WIDTH {32}] [get_bd_cells xlslice_3]
set_property -dict [list CONFIG.DIN_TO {2} CONFIG.DIN_FROM {2} CONFIG.DIN_WIDTH {32}] [get_bd_cells xlslice_2]
set_property -dict [list CONFIG.DIN_TO {1} CONFIG.DIN_FROM {1} CONFIG.DIN_WIDTH {32}] [get_bd_cells xlslice_1]
set_property location {3 1633 145} [get_bd_cells xlslice_0]
connect_bd_net [get_bd_pins axi_gpio_1/gpio2_io_o] [get_bd_pins xlslice_0/Din]
WARNING: [BD 41-1306] The connection to interface pin /axi_gpio_1/gpio2_io_o is being overridden by the user. This pin will not be connected as a part of interface connection GPIO2
connect_bd_net [get_bd_pins axi_gpio_1/gpio2_io_o] [get_bd_pins xlslice_1/Din]
connect_bd_net [get_bd_pins axi_gpio_1/gpio2_io_o] [get_bd_pins xlslice_2/Din]
connect_bd_net [get_bd_pins axi_gpio_1/gpio2_io_o] [get_bd_pins xlslice_3/Din]
connect_bd_net [get_bd_pins xlslice_0/Dout] [get_bd_pins DIO_combine_0/DIO_PORT2_data]
connect_bd_net [get_bd_pins xlslice_1/Dout] [get_bd_pins DIO_combine_0/DIO_PORT3_data]
connect_bd_net [get_bd_pins xlslice_2/Dout] [get_bd_pins DIO_combine_0/DIO_PORT4_data]
connect_bd_net [get_bd_pins xlslice_3/Dout] [get_bd_pins DIO_combine_0/DIO_PORT5_data]
startgroup
set_property -dict [list CONFIG.DIN_TO {4} CONFIG.DIN_FROM {4} CONFIG.DOUT_WIDTH {1}] [get_bd_cells xlslice_1]
endgroup
startgroup
set_property -dict [list CONFIG.DIN_TO {8} CONFIG.DIN_FROM {8} CONFIG.DOUT_WIDTH {1}] [get_bd_cells xlslice_2]
endgroup
startgroup
set_property -dict [list CONFIG.DIN_TO {12} CONFIG.DIN_FROM {12} CONFIG.DOUT_WIDTH {1}] [get_bd_cells xlslice_3]
endgroup
save_bd_design
Wrote  : <C:\Users\rinu2\Documents\kichi@git\verilog-learning\prj\transmitter\transmitter.srcs\sources_1\bd\system\system.bd> 
Wrote  : <C:/Users/rinu2/Documents/kichi@git/verilog-learning/prj/transmitter/transmitter.srcs/sources_1/bd/system/ui/bd_c954508f.ui> 
reset_run synth_1
launch_runs impl_1 -to_step write_bitstream -jobs 8
WARNING: [#UNDEF] When using EMIO pins for SPI_0 tie SSIN High in the PL bitstream
INFO: [xilinx.com:ip:clk_wiz:6.0-1] /dac/clk_wiz_0 clk_wiz propagate
WARNING: [BD 41-927] Following properties on pin /DIO_combine_0/DIO_PORT0_data have been updated from connected ip, but BD cell '/DIO_combine_0' does not accept parameter changes, so they may not be synchronized with cell properties:
	PHASE = 0.000 
Please resolve any mismatches by directly setting properties on BD cell </DIO_combine_0> to completely resolve these warnings.
WARNING: [BD 41-927] Following properties on pin /dac/redpitaya_dac_0/aclk have been updated from connected ip, but BD cell '/dac/redpitaya_dac_0' does not accept parameter changes, so they may not be synchronized with cell properties:
	FREQ_HZ = 125000000 
Please resolve any mismatches by directly setting properties on BD cell </dac/redpitaya_dac_0> to completely resolve these warnings.
WARNING: [BD 41-927] Following properties on pin /dac/redpitaya_dac_0/ddr_clk have been updated from connected ip, but BD cell '/dac/redpitaya_dac_0' does not accept parameter changes, so they may not be synchronized with cell properties:
	PHASE = 0.0 
Please resolve any mismatches by directly setting properties on BD cell </dac/redpitaya_dac_0> to completely resolve these warnings.
CRITICAL WARNING: [BD 41-759] The input pins (listed below) are either not connected or do not have a source port, and they don't have a tie-off specified. These pins are tied-off to all 0's to avoid error in Implementation flow.
Please check your design and connect them as needed: 
/DIO_combine_0/DIO_PORT6_data
/DIO_combine_0/DIO_PORT7_data

Wrote  : <C:\Users\rinu2\Documents\kichi@git\verilog-learning\prj\transmitter\transmitter.srcs\sources_1\bd\system\system.bd> 
Wrote  : <C:/Users/rinu2/Documents/kichi@git/verilog-learning/prj/transmitter/transmitter.srcs/sources_1/bd/system/ui/bd_c954508f.ui> 
CRITICAL WARNING: [BD 41-2383] Width mismatch when connecting input pin '/axi_gpio_0/gpio_io_i'(32) to pin '/xlslice_clk/Dout'(1) - Only lower order bits will be connected, and other input bits of this pin will be left unconnected.
VHDL Output written to : C:/Users/rinu2/Documents/kichi@git/verilog-learning/prj/transmitter/transmitter.srcs/sources_1/bd/system/synth/system.v
CRITICAL WARNING: [BD 41-2383] Width mismatch when connecting input pin '/axi_gpio_0/gpio_io_i'(32) to pin '/xlslice_clk/Dout'(1) - Only lower order bits will be connected, and other input bits of this pin will be left unconnected.
VHDL Output written to : C:/Users/rinu2/Documents/kichi@git/verilog-learning/prj/transmitter/transmitter.srcs/sources_1/bd/system/sim/system.v
VHDL Output written to : C:/Users/rinu2/Documents/kichi@git/verilog-learning/prj/transmitter/transmitter.srcs/sources_1/bd/system/hdl/system_wrapper.v
INFO: [IP_Flow 19-234] Refreshing IP repositories
INFO: [IP_Flow 19-1700] Loaded user IP repository 'c:/Users/rinu2/Documents/kichi@git/RedPitaya-FPGA/prj/Examples/Frequency_counter/tmp/cores'.
INFO: [BD 41-1029] Generation completed for the IP Integrator block xlslice_0 .
INFO: [BD 41-1029] Generation completed for the IP Integrator block xlslice_1 .
INFO: [BD 41-1029] Generation completed for the IP Integrator block xlslice_2 .
INFO: [BD 41-1029] Generation completed for the IP Integrator block xlslice_3 .
WARNING: [IP_Flow 19-4994] Overwriting existing constraint file 'c:/Users/rinu2/Documents/kichi@git/verilog-learning/prj/transmitter/transmitter.srcs/sources_1/bd/system/ip/system_s00_data_fifo_0/system_s00_data_fifo_0_ooc.xdc'
INFO: [BD 41-1029] Generation completed for the IP Integrator block PS7/ps7_0_axi_periph/s00_couplers/s00_data_fifo .
WARNING: [IP_Flow 19-4994] Overwriting existing constraint file 'c:/Users/rinu2/Documents/kichi@git/verilog-learning/prj/transmitter/transmitter.srcs/sources_1/bd/system/ip/system_auto_pc_0/system_auto_pc_0_ooc.xdc'
INFO: [BD 41-1029] Generation completed for the IP Integrator block PS7/ps7_0_axi_periph/s00_couplers/auto_pc .
Exporting to file C:/Users/rinu2/Documents/kichi@git/verilog-learning/prj/transmitter/transmitter.srcs/sources_1/bd/system/hw_handoff/system.hwh
Generated Block Design Tcl file C:/Users/rinu2/Documents/kichi@git/verilog-learning/prj/transmitter/transmitter.srcs/sources_1/bd/system/hw_handoff/system_bd.tcl
Generated Hardware Definition File C:/Users/rinu2/Documents/kichi@git/verilog-learning/prj/transmitter/transmitter.srcs/sources_1/bd/system/synth/system.hwdef
WARNING: [BD 41-2265] Clock pin for protocol instance pin M_AXIS_PORT1 could not be determined. Make sure that ASSOCIATED_BUSIF and ASSOCIATED_RESET properties are set or propagated on clock pins of block /adc/signal_split_0
WARNING: [BD 41-2265] Clock pin for protocol instance pin M_AXIS_PORT2 could not be determined. Make sure that ASSOCIATED_BUSIF and ASSOCIATED_RESET properties are set or propagated on clock pins of block /adc/signal_split_0
WARNING: [BD 41-2265] Clock pin for protocol instance pin S_AXIS could not be determined. Make sure that ASSOCIATED_BUSIF and ASSOCIATED_RESET properties are set or propagated on clock pins of block /adc/signal_split_0
WARNING: [BD 41-2265] Clock pin for protocol instance pin m_axis could not be determined. Make sure that ASSOCIATED_BUSIF and ASSOCIATED_RESET properties are set or propagated on clock pins of block /adc/redpitaya_adc_0
WARNING: [BD 41-2265] Clock pin for protocol instance pin S_AXIS_PORT1 could not be determined. Make sure that ASSOCIATED_BUSIF and ASSOCIATED_RESET properties are set or propagated on clock pins of block /dac
WARNING: [BD 41-2265] Clock pin for protocol instance pin S_AXIS_PORT2 could not be determined. Make sure that ASSOCIATED_BUSIF and ASSOCIATED_RESET properties are set or propagated on clock pins of block /dac
WARNING: [BD 41-2265] Clock pin for protocol instance pin M_AXIS could not be determined. Make sure that ASSOCIATED_BUSIF and ASSOCIATED_RESET properties are set or propagated on clock pins of block /dac/signal_combine_0
WARNING: [BD 41-2265] Clock pin for protocol instance pin S_AXIS_PORT1 could not be determined. Make sure that ASSOCIATED_BUSIF and ASSOCIATED_RESET properties are set or propagated on clock pins of block /dac/signal_combine_0
WARNING: [BD 41-2265] Clock pin for protocol instance pin S_AXIS_PORT2 could not be determined. Make sure that ASSOCIATED_BUSIF and ASSOCIATED_RESET properties are set or propagated on clock pins of block /dac/signal_combine_0
WARNING: [BD 41-2265] Clock pin for protocol instance pin M_AXIS_PORT1 could not be determined. Make sure that ASSOCIATED_BUSIF and ASSOCIATED_RESET properties are set or propagated on clock pins of block /signal_split_0
WARNING: [BD 41-2265] Clock pin for protocol instance pin M_AXIS_PORT2 could not be determined. Make sure that ASSOCIATED_BUSIF and ASSOCIATED_RESET properties are set or propagated on clock pins of block /signal_split_0
INFO: [IP_Flow 19-4993] Using cached IP synthesis design for IP system_auto_pc_0, cache-ID = 4334efbd1258b0fe; cache size = 4.057 MB.
INFO: [IP_Flow 19-4993] Using cached IP synthesis design for IP system_s00_data_fifo_0, cache-ID = 91566a5dfb42d1cc; cache size = 4.057 MB.
[Wed Jan  3 11:36:01 2024] Launched synth_1...
Run output will be captured here: C:/Users/rinu2/Documents/kichi@git/verilog-learning/prj/transmitter/transmitter.runs/synth_1/runme.log
[Wed Jan  3 11:36:01 2024] Launched impl_1...
Run output will be captured here: C:/Users/rinu2/Documents/kichi@git/verilog-learning/prj/transmitter/transmitter.runs/impl_1/runme.log
launch_runs: Time (s): cpu = 00:00:06 ; elapsed = 00:00:29 . Memory (MB): peak = 1547.965 ; gain = 0.000
